[0.030s] Invoking command in '/home/saia/Semantic_Scavenger_ws/build/ur_simulation_gz': CMAKE_PREFIX_PATH=/home/saia/Semantic_Scavenger_ws/install/ur_description:/home/saia/Semantic_Scavenger_ws/install/ur_simulation_gz:/home/saia/Semantic_Scavenger_ws/install/ur_simulation_gazebo:/home/saia/Semantic_Scavenger_ws/install/ur_moveit_config:/home/saia/Semantic_Scavenger_ws/install/ur_controllers:/home/saia/Semantic_Scavenger_ws/install/ur_dashboard_msgs:/opt/ros/jazzy/opt/gz_sim_vendor:/opt/ros/jazzy/opt/gz_sensors_vendor:/opt/ros/jazzy/opt/gz_physics_vendor:/opt/ros/jazzy/opt/sdformat_vendor:/opt/ros/jazzy/opt/gz_gui_vendor:/opt/ros/jazzy/opt/gz_transport_vendor:/opt/ros/jazzy/opt/gz_rendering_vendor:/opt/ros/jazzy/opt/gz_plugin_vendor:/opt/ros/jazzy/opt/gz_fuel_tools_vendor:/opt/ros/jazzy/opt/gz_msgs_vendor:/opt/ros/jazzy/opt/gz_common_vendor:/opt/ros/jazzy/opt/gz_math_vendor:/opt/ros/jazzy/opt/gz_utils_vendor:/opt/ros/jazzy/opt/gz_tools_vendor:/opt/ros/jazzy/opt/gz_ogre_next_vendor:/opt/ros/jazzy/opt/gz_dartsim_vendor:/opt/ros/jazzy/opt/gz_cmake_vendor:/opt/ros/jazzy DEBUGINFOD_URLS=https://debuginfod.ubuntu.com /usr/bin/cmake /home/saia/Semantic_Scavenger_ws/src/Universal_Robots_ROS2_GZ_Simulation/ur_simulation_gz -DAMENT_CMAKE_SYMLINK_INSTALL=1 -DCMAKE_INSTALL_PREFIX=/home/saia/Semantic_Scavenger_ws/install/ur_simulation_gz
[0.100s] -- The C compiler identification is GNU 13.3.0
[0.450s] -- The CXX compiler identification is GNU 13.3.0
[0.758s] -- Detecting C compiler ABI info
[0.945s] -- Detecting C compiler ABI info - done
[0.951s] -- Check for working C compiler: /usr/bin/cc - skipped
[0.951s] -- Detecting C compile features
[0.952s] -- Detecting C compile features - done
[0.993s] -- Detecting CXX compiler ABI info
[1.131s] -- Detecting CXX compiler ABI info - done
[1.138s] -- Check for working CXX compiler: /usr/bin/c++ - skipped
[1.139s] -- Detecting CXX compile features
[1.139s] -- Detecting CXX compile features - done
[1.142s] -- Found ament_cmake: 2.5.5 (/opt/ros/jazzy/share/ament_cmake/cmake)
[1.280s] -- Found Python3: /usr/bin/python3 (found version "3.12.3") found components: Interpreter 
[1.361s] -- Override CMake install command with custom implementation using symlinks instead of copying resources
[1.402s] -- Found launch_testing_ament_cmake: 3.4.10 (/opt/ros/jazzy/share/launch_testing_ament_cmake/cmake)
[1.407s] -- Found python_cmake_module: 0.11.1 (/opt/ros/jazzy/share/python_cmake_module/cmake)
[1.518s] -- Found PythonExtra: /usr/bin/python3  
[1.522s] -- Found ament_cmake_pytest: 2.5.5 (/opt/ros/jazzy/share/ament_cmake_pytest/cmake)
[1.953s] -- Configuring done (1.9s)
[1.956s] -- Generating done (0.0s)
[1.957s] -- Build files have been written to: /home/saia/Semantic_Scavenger_ws/build/ur_simulation_gz
[1.961s] Invoked command in '/home/saia/Semantic_Scavenger_ws/build/ur_simulation_gz' returned '0': CMAKE_PREFIX_PATH=/home/saia/Semantic_Scavenger_ws/install/ur_description:/home/saia/Semantic_Scavenger_ws/install/ur_simulation_gz:/home/saia/Semantic_Scavenger_ws/install/ur_simulation_gazebo:/home/saia/Semantic_Scavenger_ws/install/ur_moveit_config:/home/saia/Semantic_Scavenger_ws/install/ur_controllers:/home/saia/Semantic_Scavenger_ws/install/ur_dashboard_msgs:/opt/ros/jazzy/opt/gz_sim_vendor:/opt/ros/jazzy/opt/gz_sensors_vendor:/opt/ros/jazzy/opt/gz_physics_vendor:/opt/ros/jazzy/opt/sdformat_vendor:/opt/ros/jazzy/opt/gz_gui_vendor:/opt/ros/jazzy/opt/gz_transport_vendor:/opt/ros/jazzy/opt/gz_rendering_vendor:/opt/ros/jazzy/opt/gz_plugin_vendor:/opt/ros/jazzy/opt/gz_fuel_tools_vendor:/opt/ros/jazzy/opt/gz_msgs_vendor:/opt/ros/jazzy/opt/gz_common_vendor:/opt/ros/jazzy/opt/gz_math_vendor:/opt/ros/jazzy/opt/gz_utils_vendor:/opt/ros/jazzy/opt/gz_tools_vendor:/opt/ros/jazzy/opt/gz_ogre_next_vendor:/opt/ros/jazzy/opt/gz_dartsim_vendor:/opt/ros/jazzy/opt/gz_cmake_vendor:/opt/ros/jazzy DEBUGINFOD_URLS=https://debuginfod.ubuntu.com /usr/bin/cmake /home/saia/Semantic_Scavenger_ws/src/Universal_Robots_ROS2_GZ_Simulation/ur_simulation_gz -DAMENT_CMAKE_SYMLINK_INSTALL=1 -DCMAKE_INSTALL_PREFIX=/home/saia/Semantic_Scavenger_ws/install/ur_simulation_gz
[1.962s] Invoking command in '/home/saia/Semantic_Scavenger_ws/build/ur_simulation_gz': CMAKE_PREFIX_PATH=/home/saia/Semantic_Scavenger_ws/install/ur_description:/home/saia/Semantic_Scavenger_ws/install/ur_simulation_gz:/home/saia/Semantic_Scavenger_ws/install/ur_simulation_gazebo:/home/saia/Semantic_Scavenger_ws/install/ur_moveit_config:/home/saia/Semantic_Scavenger_ws/install/ur_controllers:/home/saia/Semantic_Scavenger_ws/install/ur_dashboard_msgs:/opt/ros/jazzy/opt/gz_sim_vendor:/opt/ros/jazzy/opt/gz_sensors_vendor:/opt/ros/jazzy/opt/gz_physics_vendor:/opt/ros/jazzy/opt/sdformat_vendor:/opt/ros/jazzy/opt/gz_gui_vendor:/opt/ros/jazzy/opt/gz_transport_vendor:/opt/ros/jazzy/opt/gz_rendering_vendor:/opt/ros/jazzy/opt/gz_plugin_vendor:/opt/ros/jazzy/opt/gz_fuel_tools_vendor:/opt/ros/jazzy/opt/gz_msgs_vendor:/opt/ros/jazzy/opt/gz_common_vendor:/opt/ros/jazzy/opt/gz_math_vendor:/opt/ros/jazzy/opt/gz_utils_vendor:/opt/ros/jazzy/opt/gz_tools_vendor:/opt/ros/jazzy/opt/gz_ogre_next_vendor:/opt/ros/jazzy/opt/gz_dartsim_vendor:/opt/ros/jazzy/opt/gz_cmake_vendor:/opt/ros/jazzy DEBUGINFOD_URLS=https://debuginfod.ubuntu.com /usr/bin/cmake --build /home/saia/Semantic_Scavenger_ws/build/ur_simulation_gz -- -j8 -l8
[1.997s] Invoked command in '/home/saia/Semantic_Scavenger_ws/build/ur_simulation_gz' returned '0': CMAKE_PREFIX_PATH=/home/saia/Semantic_Scavenger_ws/install/ur_description:/home/saia/Semantic_Scavenger_ws/install/ur_simulation_gz:/home/saia/Semantic_Scavenger_ws/install/ur_simulation_gazebo:/home/saia/Semantic_Scavenger_ws/install/ur_moveit_config:/home/saia/Semantic_Scavenger_ws/install/ur_controllers:/home/saia/Semantic_Scavenger_ws/install/ur_dashboard_msgs:/opt/ros/jazzy/opt/gz_sim_vendor:/opt/ros/jazzy/opt/gz_sensors_vendor:/opt/ros/jazzy/opt/gz_physics_vendor:/opt/ros/jazzy/opt/sdformat_vendor:/opt/ros/jazzy/opt/gz_gui_vendor:/opt/ros/jazzy/opt/gz_transport_vendor:/opt/ros/jazzy/opt/gz_rendering_vendor:/opt/ros/jazzy/opt/gz_plugin_vendor:/opt/ros/jazzy/opt/gz_fuel_tools_vendor:/opt/ros/jazzy/opt/gz_msgs_vendor:/opt/ros/jazzy/opt/gz_common_vendor:/opt/ros/jazzy/opt/gz_math_vendor:/opt/ros/jazzy/opt/gz_utils_vendor:/opt/ros/jazzy/opt/gz_tools_vendor:/opt/ros/jazzy/opt/gz_ogre_next_vendor:/opt/ros/jazzy/opt/gz_dartsim_vendor:/opt/ros/jazzy/opt/gz_cmake_vendor:/opt/ros/jazzy DEBUGINFOD_URLS=https://debuginfod.ubuntu.com /usr/bin/cmake --build /home/saia/Semantic_Scavenger_ws/build/ur_simulation_gz -- -j8 -l8
[1.998s] Invoking command in '/home/saia/Semantic_Scavenger_ws/build/ur_simulation_gz': CMAKE_PREFIX_PATH=/home/saia/Semantic_Scavenger_ws/install/ur_description:/home/saia/Semantic_Scavenger_ws/install/ur_simulation_gz:/home/saia/Semantic_Scavenger_ws/install/ur_simulation_gazebo:/home/saia/Semantic_Scavenger_ws/install/ur_moveit_config:/home/saia/Semantic_Scavenger_ws/install/ur_controllers:/home/saia/Semantic_Scavenger_ws/install/ur_dashboard_msgs:/opt/ros/jazzy/opt/gz_sim_vendor:/opt/ros/jazzy/opt/gz_sensors_vendor:/opt/ros/jazzy/opt/gz_physics_vendor:/opt/ros/jazzy/opt/sdformat_vendor:/opt/ros/jazzy/opt/gz_gui_vendor:/opt/ros/jazzy/opt/gz_transport_vendor:/opt/ros/jazzy/opt/gz_rendering_vendor:/opt/ros/jazzy/opt/gz_plugin_vendor:/opt/ros/jazzy/opt/gz_fuel_tools_vendor:/opt/ros/jazzy/opt/gz_msgs_vendor:/opt/ros/jazzy/opt/gz_common_vendor:/opt/ros/jazzy/opt/gz_math_vendor:/opt/ros/jazzy/opt/gz_utils_vendor:/opt/ros/jazzy/opt/gz_tools_vendor:/opt/ros/jazzy/opt/gz_ogre_next_vendor:/opt/ros/jazzy/opt/gz_dartsim_vendor:/opt/ros/jazzy/opt/gz_cmake_vendor:/opt/ros/jazzy DEBUGINFOD_URLS=https://debuginfod.ubuntu.com /usr/bin/cmake --install /home/saia/Semantic_Scavenger_ws/build/ur_simulation_gz
[2.006s] -- Install configuration: ""
[2.006s] -- Execute custom install script
[2.007s] -- Symlinking: /home/saia/Semantic_Scavenger_ws/install/ur_simulation_gz/share/ur_simulation_gz/config/ur_controllers.yaml
[2.017s] -- Symlinking: /home/saia/Semantic_Scavenger_ws/install/ur_simulation_gz/share/ur_simulation_gz/launch/ur_sim_control.launch.py
[2.024s] -- Symlinking: /home/saia/Semantic_Scavenger_ws/install/ur_simulation_gz/share/ur_simulation_gz/launch/ur_sim_moveit.launch.py
[2.034s] -- Symlinking: /home/saia/Semantic_Scavenger_ws/install/ur_simulation_gz/share/ur_simulation_gz/urdf/ur_gz.ros2_control.xacro
[2.042s] -- Symlinking: /home/saia/Semantic_Scavenger_ws/install/ur_simulation_gz/share/ur_simulation_gz/urdf/ur_gz.urdf.xacro
[2.050s] -- Symlinking: /home/saia/Semantic_Scavenger_ws/install/ur_simulation_gz/share/ament_index/resource_index/package_run_dependencies/ur_simulation_gz
[2.057s] -- Symlinking: /home/saia/Semantic_Scavenger_ws/install/ur_simulation_gz/share/ament_index/resource_index/parent_prefix_path/ur_simulation_gz
[2.064s] -- Symlinking: /home/saia/Semantic_Scavenger_ws/install/ur_simulation_gz/share/ur_simulation_gz/environment/ament_prefix_path.sh
[2.072s] -- Symlinking: /home/saia/Semantic_Scavenger_ws/install/ur_simulation_gz/share/ur_simulation_gz/environment/ament_prefix_path.dsv
[2.081s] -- Symlinking: /home/saia/Semantic_Scavenger_ws/install/ur_simulation_gz/share/ur_simulation_gz/environment/path.sh
[2.089s] -- Symlinking: /home/saia/Semantic_Scavenger_ws/install/ur_simulation_gz/share/ur_simulation_gz/environment/path.dsv
[2.096s] -- Symlinking: /home/saia/Semantic_Scavenger_ws/install/ur_simulation_gz/share/ur_simulation_gz/local_setup.bash
[2.104s] -- Symlinking: /home/saia/Semantic_Scavenger_ws/install/ur_simulation_gz/share/ur_simulation_gz/local_setup.sh
[2.111s] -- Symlinking: /home/saia/Semantic_Scavenger_ws/install/ur_simulation_gz/share/ur_simulation_gz/local_setup.zsh
[2.118s] -- Symlinking: /home/saia/Semantic_Scavenger_ws/install/ur_simulation_gz/share/ur_simulation_gz/local_setup.dsv
[2.126s] -- Symlinking: /home/saia/Semantic_Scavenger_ws/install/ur_simulation_gz/share/ur_simulation_gz/package.dsv
[2.134s] -- Symlinking: /home/saia/Semantic_Scavenger_ws/install/ur_simulation_gz/share/ament_index/resource_index/packages/ur_simulation_gz
[2.142s] -- Symlinking: /home/saia/Semantic_Scavenger_ws/install/ur_simulation_gz/share/ur_simulation_gz/cmake/ur_simulation_gzConfig.cmake
[2.150s] -- Symlinking: /home/saia/Semantic_Scavenger_ws/install/ur_simulation_gz/share/ur_simulation_gz/cmake/ur_simulation_gzConfig-version.cmake
[2.157s] -- Symlinking: /home/saia/Semantic_Scavenger_ws/install/ur_simulation_gz/share/ur_simulation_gz/package.xml
[2.166s] Invoked command in '/home/saia/Semantic_Scavenger_ws/build/ur_simulation_gz' returned '0': CMAKE_PREFIX_PATH=/home/saia/Semantic_Scavenger_ws/install/ur_description:/home/saia/Semantic_Scavenger_ws/install/ur_simulation_gz:/home/saia/Semantic_Scavenger_ws/install/ur_simulation_gazebo:/home/saia/Semantic_Scavenger_ws/install/ur_moveit_config:/home/saia/Semantic_Scavenger_ws/install/ur_controllers:/home/saia/Semantic_Scavenger_ws/install/ur_dashboard_msgs:/opt/ros/jazzy/opt/gz_sim_vendor:/opt/ros/jazzy/opt/gz_sensors_vendor:/opt/ros/jazzy/opt/gz_physics_vendor:/opt/ros/jazzy/opt/sdformat_vendor:/opt/ros/jazzy/opt/gz_gui_vendor:/opt/ros/jazzy/opt/gz_transport_vendor:/opt/ros/jazzy/opt/gz_rendering_vendor:/opt/ros/jazzy/opt/gz_plugin_vendor:/opt/ros/jazzy/opt/gz_fuel_tools_vendor:/opt/ros/jazzy/opt/gz_msgs_vendor:/opt/ros/jazzy/opt/gz_common_vendor:/opt/ros/jazzy/opt/gz_math_vendor:/opt/ros/jazzy/opt/gz_utils_vendor:/opt/ros/jazzy/opt/gz_tools_vendor:/opt/ros/jazzy/opt/gz_ogre_next_vendor:/opt/ros/jazzy/opt/gz_dartsim_vendor:/opt/ros/jazzy/opt/gz_cmake_vendor:/opt/ros/jazzy DEBUGINFOD_URLS=https://debuginfod.ubuntu.com /usr/bin/cmake --install /home/saia/Semantic_Scavenger_ws/build/ur_simulation_gz
