[2.756s] Invoking command in '/home/saia/Semantic_Scavenger_ws/src/semantic_scavenger': DEBUGINFOD_URLS=https://debuginfod.ubuntu.com PYTHONPATH=/home/saia/Semantic_Scavenger_ws/build/semantic_scavenger/prefix_override:/usr/lib/python3/dist-packages/colcon_core/task/python/colcon_distutils_commands:/home/saia/Semantic_Scavenger_ws/install/semantic_scavenger/lib/python3.12/site-packages:${PYTHONPATH} /usr/bin/python3 -W ignore:setup.py install is deprecated -W ignore:easy_install command is deprecated setup.py egg_info --egg-base ../../build/semantic_scavenger build --build-base /home/saia/Semantic_Scavenger_ws/build/semantic_scavenger/build install --record /home/saia/Semantic_Scavenger_ws/build/semantic_scavenger/install.log --single-version-externally-managed install_data
[3.518s] running egg_info
[3.588s] writing ../../build/semantic_scavenger/semantic_scavenger.egg-info/PKG-INFO
[3.589s] writing dependency_links to ../../build/semantic_scavenger/semantic_scavenger.egg-info/dependency_links.txt
[3.589s] writing entry points to ../../build/semantic_scavenger/semantic_scavenger.egg-info/entry_points.txt
[3.590s] writing requirements to ../../build/semantic_scavenger/semantic_scavenger.egg-info/requires.txt
[3.591s] writing top-level names to ../../build/semantic_scavenger/semantic_scavenger.egg-info/top_level.txt
[3.731s] reading manifest file '../../build/semantic_scavenger/semantic_scavenger.egg-info/SOURCES.txt'
[3.734s] writing manifest file '../../build/semantic_scavenger/semantic_scavenger.egg-info/SOURCES.txt'
[3.735s] running build
[3.735s] running build_py
[3.736s] running install
[3.753s] running install_lib
[3.799s] running install_data
[3.804s] running install_egg_info
[3.856s] removing '/home/saia/Semantic_Scavenger_ws/install/semantic_scavenger/lib/python3.12/site-packages/semantic_scavenger-0.0.1-py3.12.egg-info' (and everything under it)
[3.857s] Copying ../../build/semantic_scavenger/semantic_scavenger.egg-info to /home/saia/Semantic_Scavenger_ws/install/semantic_scavenger/lib/python3.12/site-packages/semantic_scavenger-0.0.1-py3.12.egg-info
[3.859s] running install_scripts
[4.202s] Installing robot_controller script to /home/saia/Semantic_Scavenger_ws/install/semantic_scavenger/lib/semantic_scavenger
[4.204s] Installing vla_bridge script to /home/saia/Semantic_Scavenger_ws/install/semantic_scavenger/lib/semantic_scavenger
[4.206s] writing list of installed files to '/home/saia/Semantic_Scavenger_ws/build/semantic_scavenger/install.log'
[4.308s] Invoked command in '/home/saia/Semantic_Scavenger_ws/src/semantic_scavenger' returned '0': DEBUGINFOD_URLS=https://debuginfod.ubuntu.com PYTHONPATH=/home/saia/Semantic_Scavenger_ws/build/semantic_scavenger/prefix_override:/usr/lib/python3/dist-packages/colcon_core/task/python/colcon_distutils_commands:/home/saia/Semantic_Scavenger_ws/install/semantic_scavenger/lib/python3.12/site-packages:${PYTHONPATH} /usr/bin/python3 -W ignore:setup.py install is deprecated -W ignore:easy_install command is deprecated setup.py egg_info --egg-base ../../build/semantic_scavenger build --build-base /home/saia/Semantic_Scavenger_ws/build/semantic_scavenger/build install --record /home/saia/Semantic_Scavenger_ws/build/semantic_scavenger/install.log --single-version-externally-managed install_data
