-- The C compiler identification is GNU 13.3.0
-- The CXX compiler identification is GNU 13.3.0
-- Detecting C compiler ABI info
-- Detecting C compiler ABI info - done
-- Check for working C compiler: /usr/bin/cc - skipped
-- Detecting C compile features
-- Detecting C compile features - done
-- Detecting CXX compiler ABI info
-- Detecting CXX compiler ABI info - done
-- Check for working CXX compiler: /usr/bin/c++ - skipped
-- Detecting CXX compile features
-- Detecting CXX compile features - done
-- Found ament_cmake: 2.5.5 (/opt/ros/jazzy/share/ament_cmake/cmake)
-- Found Python3: /usr/bin/python3 (found version "3.12.3") found components: Interpreter 
-- Override CMake install command with custom implementation using symlinks instead of copying resources
-- Found launch_testing_ament_cmake: 3.4.10 (/opt/ros/jazzy/share/launch_testing_ament_cmake/cmake)
-- Found python_cmake_module: 0.11.1 (/opt/ros/jazzy/share/python_cmake_module/cmake)
-- Found PythonExtra: /usr/bin/python3  
-- Found ament_cmake_pytest: 2.5.5 (/opt/ros/jazzy/share/ament_cmake_pytest/cmake)
-- Configuring done (1.6s)
-- Generating done (0.0s)
-- Build files have been written to: /home/saia/Semantic_Scavenger_ws/build/ur_simulation_gazebo
-- Install configuration: ""
-- Execute custom install script
-- Symlinking: /home/saia/Semantic_Scavenger_ws/install/ur_simulation_gazebo/share/ur_simulation_gazebo/config/ur_controllers.yaml
-- Symlinking: /home/saia/Semantic_Scavenger_ws/install/ur_simulation_gazebo/share/ur_simulation_gazebo/launch/ur_sim_control.launch.py
-- Symlinking: /home/saia/Semantic_Scavenger_ws/install/ur_simulation_gazebo/share/ur_simulation_gazebo/launch/ur_sim_moveit.launch.py
-- Symlinking: /home/saia/Semantic_Scavenger_ws/install/ur_simulation_gazebo/share/ament_index/resource_index/package_run_dependencies/ur_simulation_gazebo
-- Symlinking: /home/saia/Semantic_Scavenger_ws/install/ur_simulation_gazebo/share/ament_index/resource_index/parent_prefix_path/ur_simulation_gazebo
-- Symlinking: /home/saia/Semantic_Scavenger_ws/install/ur_simulation_gazebo/share/ur_simulation_gazebo/environment/ament_prefix_path.sh
-- Symlinking: /home/saia/Semantic_Scavenger_ws/install/ur_simulation_gazebo/share/ur_simulation_gazebo/environment/ament_prefix_path.dsv
-- Symlinking: /home/saia/Semantic_Scavenger_ws/install/ur_simulation_gazebo/share/ur_simulation_gazebo/environment/path.sh
-- Symlinking: /home/saia/Semantic_Scavenger_ws/install/ur_simulation_gazebo/share/ur_simulation_gazebo/environment/path.dsv
-- Symlinking: /home/saia/Semantic_Scavenger_ws/install/ur_simulation_gazebo/share/ur_simulation_gazebo/local_setup.bash
-- Symlinking: /home/saia/Semantic_Scavenger_ws/install/ur_simulation_gazebo/share/ur_simulation_gazebo/local_setup.sh
-- Symlinking: /home/saia/Semantic_Scavenger_ws/install/ur_simulation_gazebo/share/ur_simulation_gazebo/local_setup.zsh
-- Symlinking: /home/saia/Semantic_Scavenger_ws/install/ur_simulation_gazebo/share/ur_simulation_gazebo/local_setup.dsv
-- Symlinking: /home/saia/Semantic_Scavenger_ws/install/ur_simulation_gazebo/share/ur_simulation_gazebo/package.dsv
-- Symlinking: /home/saia/Semantic_Scavenger_ws/install/ur_simulation_gazebo/share/ament_index/resource_index/packages/ur_simulation_gazebo
-- Symlinking: /home/saia/Semantic_Scavenger_ws/install/ur_simulation_gazebo/share/ur_simulation_gazebo/cmake/ur_simulation_gazeboConfig.cmake
-- Symlinking: /home/saia/Semantic_Scavenger_ws/install/ur_simulation_gazebo/share/ur_simulation_gazebo/cmake/ur_simulation_gazeboConfig-version.cmake
-- Symlinking: /home/saia/Semantic_Scavenger_ws/install/ur_simulation_gazebo/share/ur_simulation_gazebo/package.xml
