[0.030s] Invoking command in '/home/saia/Semantic_Scavenger_ws/build/ur_simulation_gazebo': CMAKE_PREFIX_PATH=/home/saia/Semantic_Scavenger_ws/install/ur_description:/home/saia/Semantic_Scavenger_ws/install/ur_simulation_gz:/home/saia/Semantic_Scavenger_ws/install/ur_simulation_gazebo:/home/saia/Semantic_Scavenger_ws/install/ur_moveit_config:/home/saia/Semantic_Scavenger_ws/install/ur_controllers:/home/saia/Semantic_Scavenger_ws/install/ur_dashboard_msgs:/opt/ros/jazzy/opt/gz_sim_vendor:/opt/ros/jazzy/opt/gz_sensors_vendor:/opt/ros/jazzy/opt/gz_physics_vendor:/opt/ros/jazzy/opt/sdformat_vendor:/opt/ros/jazzy/opt/gz_gui_vendor:/opt/ros/jazzy/opt/gz_transport_vendor:/opt/ros/jazzy/opt/gz_rendering_vendor:/opt/ros/jazzy/opt/gz_plugin_vendor:/opt/ros/jazzy/opt/gz_fuel_tools_vendor:/opt/ros/jazzy/opt/gz_msgs_vendor:/opt/ros/jazzy/opt/gz_common_vendor:/opt/ros/jazzy/opt/gz_math_vendor:/opt/ros/jazzy/opt/gz_utils_vendor:/opt/ros/jazzy/opt/gz_tools_vendor:/opt/ros/jazzy/opt/gz_ogre_next_vendor:/opt/ros/jazzy/opt/gz_dartsim_vendor:/opt/ros/jazzy/opt/gz_cmake_vendor:/opt/ros/jazzy DEBUGINFOD_URLS=https://debuginfod.ubuntu.com /usr/bin/cmake /home/saia/Semantic_Scavenger_ws/src/Universal_Robots_ROS2_Gazebo_Simulation/ur_simulation_gazebo -DAMENT_CMAKE_SYMLINK_INSTALL=1 -DCMAKE_INSTALL_PREFIX=/home/saia/Semantic_Scavenger_ws/install/ur_simulation_gazebo
[0.104s] -- The C compiler identification is GNU 13.3.0
[0.466s] -- The CXX compiler identification is GNU 13.3.0
[0.775s] -- Detecting C compiler ABI info
[0.948s] -- Detecting C compiler ABI info - done
[0.955s] -- Check for working C compiler: /usr/bin/cc - skipped
[0.955s] -- Detecting C compile features
[0.955s] -- Detecting C compile features - done
[1.000s] -- Detecting CXX compiler ABI info
[1.135s] -- Detecting CXX compiler ABI info - done
[1.143s] -- Check for working CXX compiler: /usr/bin/c++ - skipped
[1.143s] -- Detecting CXX compile features
[1.143s] -- Detecting CXX compile features - done
[1.146s] -- Found ament_cmake: 2.5.5 (/opt/ros/jazzy/share/ament_cmake/cmake)
[1.284s] -- Found Python3: /usr/bin/python3 (found version "3.12.3") found components: Interpreter 
[1.365s] -- Override CMake install command with custom implementation using symlinks instead of copying resources
[1.406s] -- Found launch_testing_ament_cmake: 3.4.10 (/opt/ros/jazzy/share/launch_testing_ament_cmake/cmake)
[1.411s] -- Found python_cmake_module: 0.11.1 (/opt/ros/jazzy/share/python_cmake_module/cmake)
[1.522s] -- Found PythonExtra: /usr/bin/python3  
[1.526s] -- Found ament_cmake_pytest: 2.5.5 (/opt/ros/jazzy/share/ament_cmake_pytest/cmake)
[1.626s] -- Configuring done (1.6s)
[1.629s] -- Generating done (0.0s)
[1.630s] -- Build files have been written to: /home/saia/Semantic_Scavenger_ws/build/ur_simulation_gazebo
[1.636s] Invoked command in '/home/saia/Semantic_Scavenger_ws/build/ur_simulation_gazebo' returned '0': CMAKE_PREFIX_PATH=/home/saia/Semantic_Scavenger_ws/install/ur_description:/home/saia/Semantic_Scavenger_ws/install/ur_simulation_gz:/home/saia/Semantic_Scavenger_ws/install/ur_simulation_gazebo:/home/saia/Semantic_Scavenger_ws/install/ur_moveit_config:/home/saia/Semantic_Scavenger_ws/install/ur_controllers:/home/saia/Semantic_Scavenger_ws/install/ur_dashboard_msgs:/opt/ros/jazzy/opt/gz_sim_vendor:/opt/ros/jazzy/opt/gz_sensors_vendor:/opt/ros/jazzy/opt/gz_physics_vendor:/opt/ros/jazzy/opt/sdformat_vendor:/opt/ros/jazzy/opt/gz_gui_vendor:/opt/ros/jazzy/opt/gz_transport_vendor:/opt/ros/jazzy/opt/gz_rendering_vendor:/opt/ros/jazzy/opt/gz_plugin_vendor:/opt/ros/jazzy/opt/gz_fuel_tools_vendor:/opt/ros/jazzy/opt/gz_msgs_vendor:/opt/ros/jazzy/opt/gz_common_vendor:/opt/ros/jazzy/opt/gz_math_vendor:/opt/ros/jazzy/opt/gz_utils_vendor:/opt/ros/jazzy/opt/gz_tools_vendor:/opt/ros/jazzy/opt/gz_ogre_next_vendor:/opt/ros/jazzy/opt/gz_dartsim_vendor:/opt/ros/jazzy/opt/gz_cmake_vendor:/opt/ros/jazzy DEBUGINFOD_URLS=https://debuginfod.ubuntu.com /usr/bin/cmake /home/saia/Semantic_Scavenger_ws/src/Universal_Robots_ROS2_Gazebo_Simulation/ur_simulation_gazebo -DAMENT_CMAKE_SYMLINK_INSTALL=1 -DCMAKE_INSTALL_PREFIX=/home/saia/Semantic_Scavenger_ws/install/ur_simulation_gazebo
[1.637s] Invoking command in '/home/saia/Semantic_Scavenger_ws/build/ur_simulation_gazebo': CMAKE_PREFIX_PATH=/home/saia/Semantic_Scavenger_ws/install/ur_description:/home/saia/Semantic_Scavenger_ws/install/ur_simulation_gz:/home/saia/Semantic_Scavenger_ws/install/ur_simulation_gazebo:/home/saia/Semantic_Scavenger_ws/install/ur_moveit_config:/home/saia/Semantic_Scavenger_ws/install/ur_controllers:/home/saia/Semantic_Scavenger_ws/install/ur_dashboard_msgs:/opt/ros/jazzy/opt/gz_sim_vendor:/opt/ros/jazzy/opt/gz_sensors_vendor:/opt/ros/jazzy/opt/gz_physics_vendor:/opt/ros/jazzy/opt/sdformat_vendor:/opt/ros/jazzy/opt/gz_gui_vendor:/opt/ros/jazzy/opt/gz_transport_vendor:/opt/ros/jazzy/opt/gz_rendering_vendor:/opt/ros/jazzy/opt/gz_plugin_vendor:/opt/ros/jazzy/opt/gz_fuel_tools_vendor:/opt/ros/jazzy/opt/gz_msgs_vendor:/opt/ros/jazzy/opt/gz_common_vendor:/opt/ros/jazzy/opt/gz_math_vendor:/opt/ros/jazzy/opt/gz_utils_vendor:/opt/ros/jazzy/opt/gz_tools_vendor:/opt/ros/jazzy/opt/gz_ogre_next_vendor:/opt/ros/jazzy/opt/gz_dartsim_vendor:/opt/ros/jazzy/opt/gz_cmake_vendor:/opt/ros/jazzy DEBUGINFOD_URLS=https://debuginfod.ubuntu.com /usr/bin/cmake --build /home/saia/Semantic_Scavenger_ws/build/ur_simulation_gazebo -- -j8 -l8
[1.673s] Invoked command in '/home/saia/Semantic_Scavenger_ws/build/ur_simulation_gazebo' returned '0': CMAKE_PREFIX_PATH=/home/saia/Semantic_Scavenger_ws/install/ur_description:/home/saia/Semantic_Scavenger_ws/install/ur_simulation_gz:/home/saia/Semantic_Scavenger_ws/install/ur_simulation_gazebo:/home/saia/Semantic_Scavenger_ws/install/ur_moveit_config:/home/saia/Semantic_Scavenger_ws/install/ur_controllers:/home/saia/Semantic_Scavenger_ws/install/ur_dashboard_msgs:/opt/ros/jazzy/opt/gz_sim_vendor:/opt/ros/jazzy/opt/gz_sensors_vendor:/opt/ros/jazzy/opt/gz_physics_vendor:/opt/ros/jazzy/opt/sdformat_vendor:/opt/ros/jazzy/opt/gz_gui_vendor:/opt/ros/jazzy/opt/gz_transport_vendor:/opt/ros/jazzy/opt/gz_rendering_vendor:/opt/ros/jazzy/opt/gz_plugin_vendor:/opt/ros/jazzy/opt/gz_fuel_tools_vendor:/opt/ros/jazzy/opt/gz_msgs_vendor:/opt/ros/jazzy/opt/gz_common_vendor:/opt/ros/jazzy/opt/gz_math_vendor:/opt/ros/jazzy/opt/gz_utils_vendor:/opt/ros/jazzy/opt/gz_tools_vendor:/opt/ros/jazzy/opt/gz_ogre_next_vendor:/opt/ros/jazzy/opt/gz_dartsim_vendor:/opt/ros/jazzy/opt/gz_cmake_vendor:/opt/ros/jazzy DEBUGINFOD_URLS=https://debuginfod.ubuntu.com /usr/bin/cmake --build /home/saia/Semantic_Scavenger_ws/build/ur_simulation_gazebo -- -j8 -l8
[1.674s] Invoking command in '/home/saia/Semantic_Scavenger_ws/build/ur_simulation_gazebo': CMAKE_PREFIX_PATH=/home/saia/Semantic_Scavenger_ws/install/ur_description:/home/saia/Semantic_Scavenger_ws/install/ur_simulation_gz:/home/saia/Semantic_Scavenger_ws/install/ur_simulation_gazebo:/home/saia/Semantic_Scavenger_ws/install/ur_moveit_config:/home/saia/Semantic_Scavenger_ws/install/ur_controllers:/home/saia/Semantic_Scavenger_ws/install/ur_dashboard_msgs:/opt/ros/jazzy/opt/gz_sim_vendor:/opt/ros/jazzy/opt/gz_sensors_vendor:/opt/ros/jazzy/opt/gz_physics_vendor:/opt/ros/jazzy/opt/sdformat_vendor:/opt/ros/jazzy/opt/gz_gui_vendor:/opt/ros/jazzy/opt/gz_transport_vendor:/opt/ros/jazzy/opt/gz_rendering_vendor:/opt/ros/jazzy/opt/gz_plugin_vendor:/opt/ros/jazzy/opt/gz_fuel_tools_vendor:/opt/ros/jazzy/opt/gz_msgs_vendor:/opt/ros/jazzy/opt/gz_common_vendor:/opt/ros/jazzy/opt/gz_math_vendor:/opt/ros/jazzy/opt/gz_utils_vendor:/opt/ros/jazzy/opt/gz_tools_vendor:/opt/ros/jazzy/opt/gz_ogre_next_vendor:/opt/ros/jazzy/opt/gz_dartsim_vendor:/opt/ros/jazzy/opt/gz_cmake_vendor:/opt/ros/jazzy DEBUGINFOD_URLS=https://debuginfod.ubuntu.com /usr/bin/cmake --install /home/saia/Semantic_Scavenger_ws/build/ur_simulation_gazebo
[1.681s] -- Install configuration: ""
[1.682s] -- Execute custom install script
[1.684s] -- Symlinking: /home/saia/Semantic_Scavenger_ws/install/ur_simulation_gazebo/share/ur_simulation_gazebo/config/ur_controllers.yaml
[1.694s] -- Symlinking: /home/saia/Semantic_Scavenger_ws/install/ur_simulation_gazebo/share/ur_simulation_gazebo/launch/ur_sim_control.launch.py
[1.703s] -- Symlinking: /home/saia/Semantic_Scavenger_ws/install/ur_simulation_gazebo/share/ur_simulation_gazebo/launch/ur_sim_moveit.launch.py
[1.712s] -- Symlinking: /home/saia/Semantic_Scavenger_ws/install/ur_simulation_gazebo/share/ament_index/resource_index/package_run_dependencies/ur_simulation_gazebo
[1.721s] -- Symlinking: /home/saia/Semantic_Scavenger_ws/install/ur_simulation_gazebo/share/ament_index/resource_index/parent_prefix_path/ur_simulation_gazebo
[1.730s] -- Symlinking: /home/saia/Semantic_Scavenger_ws/install/ur_simulation_gazebo/share/ur_simulation_gazebo/environment/ament_prefix_path.sh
[1.739s] -- Symlinking: /home/saia/Semantic_Scavenger_ws/install/ur_simulation_gazebo/share/ur_simulation_gazebo/environment/ament_prefix_path.dsv
[1.747s] -- Symlinking: /home/saia/Semantic_Scavenger_ws/install/ur_simulation_gazebo/share/ur_simulation_gazebo/environment/path.sh
[1.755s] -- Symlinking: /home/saia/Semantic_Scavenger_ws/install/ur_simulation_gazebo/share/ur_simulation_gazebo/environment/path.dsv
[1.766s] -- Symlinking: /home/saia/Semantic_Scavenger_ws/install/ur_simulation_gazebo/share/ur_simulation_gazebo/local_setup.bash
[1.774s] -- Symlinking: /home/saia/Semantic_Scavenger_ws/install/ur_simulation_gazebo/share/ur_simulation_gazebo/local_setup.sh
[1.783s] -- Symlinking: /home/saia/Semantic_Scavenger_ws/install/ur_simulation_gazebo/share/ur_simulation_gazebo/local_setup.zsh
[1.795s] -- Symlinking: /home/saia/Semantic_Scavenger_ws/install/ur_simulation_gazebo/share/ur_simulation_gazebo/local_setup.dsv
[1.804s] -- Symlinking: /home/saia/Semantic_Scavenger_ws/install/ur_simulation_gazebo/share/ur_simulation_gazebo/package.dsv
[1.817s] -- Symlinking: /home/saia/Semantic_Scavenger_ws/install/ur_simulation_gazebo/share/ament_index/resource_index/packages/ur_simulation_gazebo
[1.826s] -- Symlinking: /home/saia/Semantic_Scavenger_ws/install/ur_simulation_gazebo/share/ur_simulation_gazebo/cmake/ur_simulation_gazeboConfig.cmake
[1.839s] -- Symlinking: /home/saia/Semantic_Scavenger_ws/install/ur_simulation_gazebo/share/ur_simulation_gazebo/cmake/ur_simulation_gazeboConfig-version.cmake
[1.850s] -- Symlinking: /home/saia/Semantic_Scavenger_ws/install/ur_simulation_gazebo/share/ur_simulation_gazebo/package.xml
[1.861s] Invoked command in '/home/saia/Semantic_Scavenger_ws/build/ur_simulation_gazebo' returned '0': CMAKE_PREFIX_PATH=/home/saia/Semantic_Scavenger_ws/install/ur_description:/home/saia/Semantic_Scavenger_ws/install/ur_simulation_gz:/home/saia/Semantic_Scavenger_ws/install/ur_simulation_gazebo:/home/saia/Semantic_Scavenger_ws/install/ur_moveit_config:/home/saia/Semantic_Scavenger_ws/install/ur_controllers:/home/saia/Semantic_Scavenger_ws/install/ur_dashboard_msgs:/opt/ros/jazzy/opt/gz_sim_vendor:/opt/ros/jazzy/opt/gz_sensors_vendor:/opt/ros/jazzy/opt/gz_physics_vendor:/opt/ros/jazzy/opt/sdformat_vendor:/opt/ros/jazzy/opt/gz_gui_vendor:/opt/ros/jazzy/opt/gz_transport_vendor:/opt/ros/jazzy/opt/gz_rendering_vendor:/opt/ros/jazzy/opt/gz_plugin_vendor:/opt/ros/jazzy/opt/gz_fuel_tools_vendor:/opt/ros/jazzy/opt/gz_msgs_vendor:/opt/ros/jazzy/opt/gz_common_vendor:/opt/ros/jazzy/opt/gz_math_vendor:/opt/ros/jazzy/opt/gz_utils_vendor:/opt/ros/jazzy/opt/gz_tools_vendor:/opt/ros/jazzy/opt/gz_ogre_next_vendor:/opt/ros/jazzy/opt/gz_dartsim_vendor:/opt/ros/jazzy/opt/gz_cmake_vendor:/opt/ros/jazzy DEBUGINFOD_URLS=https://debuginfod.ubuntu.com /usr/bin/cmake --install /home/saia/Semantic_Scavenger_ws/build/ur_simulation_gazebo
