[2.182s] Invoking command in '/home/saia/Semantic_Scavenger_ws/src/semantic_scavenger': DEBUGINFOD_URLS=https://debuginfod.ubuntu.com PYTHONPATH=/home/saia/Semantic_Scavenger_ws/build/semantic_scavenger/prefix_override:/usr/lib/python3/dist-packages/colcon_core/task/python/colcon_distutils_commands:/home/saia/Semantic_Scavenger_ws/install/semantic_scavenger/lib/python3.12/site-packages:${PYTHONPATH} /usr/bin/python3 -W ignore:setup.py install is deprecated -W ignore:easy_install command is deprecated setup.py egg_info --egg-base ../../build/semantic_scavenger build --build-base /home/saia/Semantic_Scavenger_ws/build/semantic_scavenger/build install --record /home/saia/Semantic_Scavenger_ws/build/semantic_scavenger/install.log --single-version-externally-managed install_data
[2.840s] running egg_info
[2.896s] writing ../../build/semantic_scavenger/semantic_scavenger.egg-info/PKG-INFO
[2.897s] writing dependency_links to ../../build/semantic_scavenger/semantic_scavenger.egg-info/dependency_links.txt
[2.897s] writing entry points to ../../build/semantic_scavenger/semantic_scavenger.egg-info/entry_points.txt
[2.898s] writing requirements to ../../build/semantic_scavenger/semantic_scavenger.egg-info/requires.txt
[2.898s] writing top-level names to ../../build/semantic_scavenger/semantic_scavenger.egg-info/top_level.txt
[3.020s] reading manifest file '../../build/semantic_scavenger/semantic_scavenger.egg-info/SOURCES.txt'
[3.022s] writing manifest file '../../build/semantic_scavenger/semantic_scavenger.egg-info/SOURCES.txt'
[3.022s] running build
[3.022s] running build_py
[3.022s] copying semantic_scavenger/vla_bridge.py -> /home/saia/Semantic_Scavenger_ws/build/semantic_scavenger/build/lib/semantic_scavenger
[3.023s] running install
[3.035s] running install_lib
[3.084s] copying /home/saia/Semantic_Scavenger_ws/build/semantic_scavenger/build/lib/semantic_scavenger/vla_bridge.py -> /home/saia/Semantic_Scavenger_ws/install/semantic_scavenger/lib/python3.12/site-packages/semantic_scavenger
[3.085s] byte-compiling /home/saia/Semantic_Scavenger_ws/install/semantic_scavenger/lib/python3.12/site-packages/semantic_scavenger/vla_bridge.py to vla_bridge.cpython-312.pyc
[3.087s] running install_data
[3.088s] running install_egg_info
[3.138s] removing '/home/saia/Semantic_Scavenger_ws/install/semantic_scavenger/lib/python3.12/site-packages/semantic_scavenger-0.0.1-py3.12.egg-info' (and everything under it)
[3.138s] Copying ../../build/semantic_scavenger/semantic_scavenger.egg-info to /home/saia/Semantic_Scavenger_ws/install/semantic_scavenger/lib/python3.12/site-packages/semantic_scavenger-0.0.1-py3.12.egg-info
[3.138s] running install_scripts
[3.488s] Installing vla_bridge script to /home/saia/Semantic_Scavenger_ws/install/semantic_scavenger/lib/semantic_scavenger
[3.489s] writing list of installed files to '/home/saia/Semantic_Scavenger_ws/build/semantic_scavenger/install.log'
[3.566s] Invoked command in '/home/saia/Semantic_Scavenger_ws/src/semantic_scavenger' returned '0': DEBUGINFOD_URLS=https://debuginfod.ubuntu.com PYTHONPATH=/home/saia/Semantic_Scavenger_ws/build/semantic_scavenger/prefix_override:/usr/lib/python3/dist-packages/colcon_core/task/python/colcon_distutils_commands:/home/saia/Semantic_Scavenger_ws/install/semantic_scavenger/lib/python3.12/site-packages:${PYTHONPATH} /usr/bin/python3 -W ignore:setup.py install is deprecated -W ignore:easy_install command is deprecated setup.py egg_info --egg-base ../../build/semantic_scavenger build --build-base /home/saia/Semantic_Scavenger_ws/build/semantic_scavenger/build install --record /home/saia/Semantic_Scavenger_ws/build/semantic_scavenger/install.log --single-version-externally-managed install_data
