running egg_info
writing ../../build/semantic_scavenger/semantic_scavenger.egg-info/PKG-INFO
writing dependency_links to ../../build/semantic_scavenger/semantic_scavenger.egg-info/dependency_links.txt
writing entry points to ../../build/semantic_scavenger/semantic_scavenger.egg-info/entry_points.txt
writing requirements to ../../build/semantic_scavenger/semantic_scavenger.egg-info/requires.txt
writing top-level names to ../../build/semantic_scavenger/semantic_scavenger.egg-info/top_level.txt
reading manifest file '../../build/semantic_scavenger/semantic_scavenger.egg-info/SOURCES.txt'
writing manifest file '../../build/semantic_scavenger/semantic_scavenger.egg-info/SOURCES.txt'
running build
running build_py
copying semantic_scavenger/robot_controller.py -> /home/saia/Semantic_Scavenger_ws/build/semantic_scavenger/build/lib/semantic_scavenger
running install
running install_lib
copying /home/saia/Semantic_Scavenger_ws/build/semantic_scavenger/build/lib/semantic_scavenger/robot_controller.py -> /home/saia/Semantic_Scavenger_ws/install/semantic_scavenger/lib/python3.12/site-packages/semantic_scavenger
byte-compiling /home/saia/Semantic_Scavenger_ws/install/semantic_scavenger/lib/python3.12/site-packages/semantic_scavenger/robot_controller.py to robot_controller.cpython-312.pyc
running install_data
running install_egg_info
removing '/home/saia/Semantic_Scavenger_ws/install/semantic_scavenger/lib/python3.12/site-packages/semantic_scavenger-0.0.1-py3.12.egg-info' (and everything under it)
Copying ../../build/semantic_scavenger/semantic_scavenger.egg-info to /home/saia/Semantic_Scavenger_ws/install/semantic_scavenger/lib/python3.12/site-packages/semantic_scavenger-0.0.1-py3.12.egg-info
running install_scripts
Installing robot_controller script to /home/saia/Semantic_Scavenger_ws/install/semantic_scavenger/lib/semantic_scavenger
Installing vla_bridge script to /home/saia/Semantic_Scavenger_ws/install/semantic_scavenger/lib/semantic_scavenger
writing list of installed files to '/home/saia/Semantic_Scavenger_ws/build/semantic_scavenger/install.log'
