[3.056s] Invoking command in '/home/saia/Semantic_Scavenger_ws/src/semantic_scavenger': DEBUGINFOD_URLS=https://debuginfod.ubuntu.com PYTHONPATH=/home/saia/Semantic_Scavenger_ws/build/semantic_scavenger/prefix_override:/usr/lib/python3/dist-packages/colcon_core/task/python/colcon_distutils_commands:/home/saia/Semantic_Scavenger_ws/install/semantic_scavenger/lib/python3.12/site-packages:${PYTHONPATH} /usr/bin/python3 -W ignore:setup.py install is deprecated -W ignore:easy_install command is deprecated setup.py egg_info --egg-base ../../build/semantic_scavenger build --build-base /home/saia/Semantic_Scavenger_ws/build/semantic_scavenger/build install --record /home/saia/Semantic_Scavenger_ws/build/semantic_scavenger/install.log --single-version-externally-managed install_data
[3.839s] running egg_info
[3.889s] writing ../../build/semantic_scavenger/semantic_scavenger.egg-info/PKG-INFO
[3.891s] writing dependency_links to ../../build/semantic_scavenger/semantic_scavenger.egg-info/dependency_links.txt
[3.892s] writing entry points to ../../build/semantic_scavenger/semantic_scavenger.egg-info/entry_points.txt
[3.894s] writing requirements to ../../build/semantic_scavenger/semantic_scavenger.egg-info/requires.txt
[3.894s] writing top-level names to ../../build/semantic_scavenger/semantic_scavenger.egg-info/top_level.txt
[4.005s] reading manifest file '../../build/semantic_scavenger/semantic_scavenger.egg-info/SOURCES.txt'
[4.009s] writing manifest file '../../build/semantic_scavenger/semantic_scavenger.egg-info/SOURCES.txt'
[4.015s] running build
[4.015s] running build_py
[4.016s] copying semantic_scavenger/robot_controller.py -> /home/saia/Semantic_Scavenger_ws/build/semantic_scavenger/build/lib/semantic_scavenger
[4.017s] running install
[4.034s] running install_lib
[4.095s] copying /home/saia/Semantic_Scavenger_ws/build/semantic_scavenger/build/lib/semantic_scavenger/robot_controller.py -> /home/saia/Semantic_Scavenger_ws/install/semantic_scavenger/lib/python3.12/site-packages/semantic_scavenger
[4.095s] byte-compiling /home/saia/Semantic_Scavenger_ws/install/semantic_scavenger/lib/python3.12/site-packages/semantic_scavenger/robot_controller.py to robot_controller.cpython-312.pyc
[4.102s] running install_data
[4.103s] running install_egg_info
[4.157s] removing '/home/saia/Semantic_Scavenger_ws/install/semantic_scavenger/lib/python3.12/site-packages/semantic_scavenger-0.0.1-py3.12.egg-info' (and everything under it)
[4.157s] Copying ../../build/semantic_scavenger/semantic_scavenger.egg-info to /home/saia/Semantic_Scavenger_ws/install/semantic_scavenger/lib/python3.12/site-packages/semantic_scavenger-0.0.1-py3.12.egg-info
[4.164s] running install_scripts
[4.575s] Installing robot_controller script to /home/saia/Semantic_Scavenger_ws/install/semantic_scavenger/lib/semantic_scavenger
[4.576s] Installing vla_bridge script to /home/saia/Semantic_Scavenger_ws/install/semantic_scavenger/lib/semantic_scavenger
[4.577s] writing list of installed files to '/home/saia/Semantic_Scavenger_ws/build/semantic_scavenger/install.log'
[4.670s] Invoked command in '/home/saia/Semantic_Scavenger_ws/src/semantic_scavenger' returned '0': DEBUGINFOD_URLS=https://debuginfod.ubuntu.com PYTHONPATH=/home/saia/Semantic_Scavenger_ws/build/semantic_scavenger/prefix_override:/usr/lib/python3/dist-packages/colcon_core/task/python/colcon_distutils_commands:/home/saia/Semantic_Scavenger_ws/install/semantic_scavenger/lib/python3.12/site-packages:${PYTHONPATH} /usr/bin/python3 -W ignore:setup.py install is deprecated -W ignore:easy_install command is deprecated setup.py egg_info --egg-base ../../build/semantic_scavenger build --build-base /home/saia/Semantic_Scavenger_ws/build/semantic_scavenger/build install --record /home/saia/Semantic_Scavenger_ws/build/semantic_scavenger/install.log --single-version-externally-managed install_data
