[0.187s] DEBUG:colcon:Command line arguments: ['/usr/bin/colcon', 'build', '--symlink-install']
[0.187s] DEBUG:colcon:Parsed command line arguments: Namespace(log_base=None, log_level=None, verb_name='build', build_base='build', install_base='install', merge_install=False, symlink_install=True, test_result_base=None, continue_on_error=False, executor='parallel', parallel_workers=8, event_handlers=None, ignore_user_meta=False, metas=['./colcon.meta'], base_paths=['.'], packages_ignore=None, packages_ignore_regex=None, paths=None, packages_up_to=None, packages_up_to_regex=None, packages_above=None, packages_above_and_dependencies=None, packages_above_depth=None, packages_select_by_dep=None, packages_skip_by_dep=None, packages_skip_up_to=None, packages_select_build_failed=False, packages_skip_build_finished=False, packages_select_test_failures=False, packages_skip_test_passed=False, packages_select=None, packages_skip=None, packages_select_regex=None, packages_skip_regex=None, packages_start=None, packages_end=None, allow_overriding=[], cmake_args=None, cmake_target=None, cmake_target_skip_unavailable=False, cmake_clean_cache=False, cmake_clean_first=False, cmake_force_configure=False, ament_cmake_args=None, catkin_cmake_args=None, catkin_skip_building_tests=False, verb_parser=<colcon_defaults.argument_parser.defaults.DefaultArgumentsDecorator object at 0x7726e6494b90>, verb_extension=<colcon_core.verb.build.BuildVerb object at 0x7726e65832c0>, main=<bound method BuildVerb.main of <colcon_core.verb.build.BuildVerb object at 0x7726e65832c0>>)
[0.224s] Level 1:colcon.colcon_core.package_discovery:discover_packages(colcon_meta) check parameters
[0.224s] Level 1:colcon.colcon_core.package_discovery:discover_packages(recursive) check parameters
[0.224s] Level 1:colcon.colcon_core.package_discovery:discover_packages(ignore) check parameters
[0.224s] Level 1:colcon.colcon_core.package_discovery:discover_packages(path) check parameters
[0.224s] Level 1:colcon.colcon_core.package_discovery:discover_packages(colcon_meta) discover
[0.224s] Level 1:colcon.colcon_core.package_discovery:discover_packages(recursive) discover
[0.224s] INFO:colcon.colcon_core.package_discovery:Crawling recursively for packages in '/home/saia/Semantic_Scavenger_ws'
[0.224s] Level 1:colcon.colcon_core.package_identification:_identify(.) by extensions ['ignore', 'ignore_ament_install']
[0.224s] Level 1:colcon.colcon_core.package_identification:_identify(.) by extension 'ignore'
[0.224s] Level 1:colcon.colcon_core.package_identification:_identify(.) by extension 'ignore_ament_install'
[0.225s] Level 1:colcon.colcon_core.package_identification:_identify(.) by extensions ['colcon_pkg']
[0.225s] Level 1:colcon.colcon_core.package_identification:_identify(.) by extension 'colcon_pkg'
[0.225s] Level 1:colcon.colcon_core.package_identification:_identify(.) by extensions ['colcon_meta']
[0.225s] Level 1:colcon.colcon_core.package_identification:_identify(.) by extension 'colcon_meta'
[0.225s] Level 1:colcon.colcon_core.package_identification:_identify(.) by extensions ['ros']
[0.225s] Level 1:colcon.colcon_core.package_identification:_identify(.) by extension 'ros'
[0.252s] Level 1:colcon.colcon_core.package_identification:_identify(.) by extensions ['cmake', 'python']
[0.252s] Level 1:colcon.colcon_core.package_identification:_identify(.) by extension 'cmake'
[0.252s] Level 1:colcon.colcon_core.package_identification:_identify(.) by extension 'python'
[0.252s] Level 1:colcon.colcon_core.package_identification:_identify(.) by extensions ['python_setup_py']
[0.252s] Level 1:colcon.colcon_core.package_identification:_identify(.) by extension 'python_setup_py'
[0.252s] Level 1:colcon.colcon_core.package_identification:_identify(build) by extensions ['ignore', 'ignore_ament_install']
[0.252s] Level 1:colcon.colcon_core.package_identification:_identify(build) by extension 'ignore'
[0.252s] Level 1:colcon.colcon_core.package_identification:_identify(build) ignored
[0.252s] Level 1:colcon.colcon_core.package_identification:_identify(install) by extensions ['ignore', 'ignore_ament_install']
[0.252s] Level 1:colcon.colcon_core.package_identification:_identify(install) by extension 'ignore'
[0.253s] Level 1:colcon.colcon_core.package_identification:_identify(install) ignored
[0.253s] Level 1:colcon.colcon_core.package_identification:_identify(log) by extensions ['ignore', 'ignore_ament_install']
[0.253s] Level 1:colcon.colcon_core.package_identification:_identify(log) by extension 'ignore'
[0.253s] Level 1:colcon.colcon_core.package_identification:_identify(log) ignored
[0.253s] Level 1:colcon.colcon_core.package_identification:_identify(src) by extensions ['ignore', 'ignore_ament_install']
[0.253s] Level 1:colcon.colcon_core.package_identification:_identify(src) by extension 'ignore'
[0.253s] Level 1:colcon.colcon_core.package_identification:_identify(src) by extension 'ignore_ament_install'
[0.253s] Level 1:colcon.colcon_core.package_identification:_identify(src) by extensions ['colcon_pkg']
[0.253s] Level 1:colcon.colcon_core.package_identification:_identify(src) by extension 'colcon_pkg'
[0.253s] Level 1:colcon.colcon_core.package_identification:_identify(src) by extensions ['colcon_meta']
[0.253s] Level 1:colcon.colcon_core.package_identification:_identify(src) by extension 'colcon_meta'
[0.253s] Level 1:colcon.colcon_core.package_identification:_identify(src) by extensions ['ros']
[0.253s] Level 1:colcon.colcon_core.package_identification:_identify(src) by extension 'ros'
[0.253s] Level 1:colcon.colcon_core.package_identification:_identify(src) by extensions ['cmake', 'python']
[0.253s] Level 1:colcon.colcon_core.package_identification:_identify(src) by extension 'cmake'
[0.253s] Level 1:colcon.colcon_core.package_identification:_identify(src) by extension 'python'
[0.253s] Level 1:colcon.colcon_core.package_identification:_identify(src) by extensions ['python_setup_py']
[0.253s] Level 1:colcon.colcon_core.package_identification:_identify(src) by extension 'python_setup_py'
[0.254s] Level 1:colcon.colcon_core.package_identification:_identify(src/Universal_Robots_ROS2_Description) by extensions ['ignore', 'ignore_ament_install']
[0.254s] Level 1:colcon.colcon_core.package_identification:_identify(src/Universal_Robots_ROS2_Description) by extension 'ignore'
[0.254s] Level 1:colcon.colcon_core.package_identification:_identify(src/Universal_Robots_ROS2_Description) by extension 'ignore_ament_install'
[0.254s] Level 1:colcon.colcon_core.package_identification:_identify(src/Universal_Robots_ROS2_Description) by extensions ['colcon_pkg']
[0.254s] Level 1:colcon.colcon_core.package_identification:_identify(src/Universal_Robots_ROS2_Description) by extension 'colcon_pkg'
[0.254s] Level 1:colcon.colcon_core.package_identification:_identify(src/Universal_Robots_ROS2_Description) by extensions ['colcon_meta']
[0.254s] Level 1:colcon.colcon_core.package_identification:_identify(src/Universal_Robots_ROS2_Description) by extension 'colcon_meta'
[0.254s] Level 1:colcon.colcon_core.package_identification:_identify(src/Universal_Robots_ROS2_Description) by extensions ['ros']
[0.254s] Level 1:colcon.colcon_core.package_identification:_identify(src/Universal_Robots_ROS2_Description) by extension 'ros'
[0.258s] DEBUG:colcon.colcon_core.package_identification:Package 'src/Universal_Robots_ROS2_Description' with type 'ros.ament_cmake' and name 'ur_description'
[0.258s] Level 1:colcon.colcon_core.package_identification:_identify(src/Universal_Robots_ROS2_Driver) by extensions ['ignore', 'ignore_ament_install']
[0.258s] Level 1:colcon.colcon_core.package_identification:_identify(src/Universal_Robots_ROS2_Driver) by extension 'ignore'
[0.258s] Level 1:colcon.colcon_core.package_identification:_identify(src/Universal_Robots_ROS2_Driver) ignored
[0.258s] Level 1:colcon.colcon_core.package_identification:_identify(src/Universal_Robots_ROS2_GZ_Simulation) by extensions ['ignore', 'ignore_ament_install']
[0.259s] Level 1:colcon.colcon_core.package_identification:_identify(src/Universal_Robots_ROS2_GZ_Simulation) by extension 'ignore'
[0.259s] Level 1:colcon.colcon_core.package_identification:_identify(src/Universal_Robots_ROS2_GZ_Simulation) by extension 'ignore_ament_install'
[0.259s] Level 1:colcon.colcon_core.package_identification:_identify(src/Universal_Robots_ROS2_GZ_Simulation) by extensions ['colcon_pkg']
[0.259s] Level 1:colcon.colcon_core.package_identification:_identify(src/Universal_Robots_ROS2_GZ_Simulation) by extension 'colcon_pkg'
[0.259s] Level 1:colcon.colcon_core.package_identification:_identify(src/Universal_Robots_ROS2_GZ_Simulation) by extensions ['colcon_meta']
[0.259s] Level 1:colcon.colcon_core.package_identification:_identify(src/Universal_Robots_ROS2_GZ_Simulation) by extension 'colcon_meta'
[0.259s] Level 1:colcon.colcon_core.package_identification:_identify(src/Universal_Robots_ROS2_GZ_Simulation) by extensions ['ros']
[0.259s] Level 1:colcon.colcon_core.package_identification:_identify(src/Universal_Robots_ROS2_GZ_Simulation) by extension 'ros'
[0.259s] Level 1:colcon.colcon_core.package_identification:_identify(src/Universal_Robots_ROS2_GZ_Simulation) by extensions ['cmake', 'python']
[0.259s] Level 1:colcon.colcon_core.package_identification:_identify(src/Universal_Robots_ROS2_GZ_Simulation) by extension 'cmake'
[0.259s] Level 1:colcon.colcon_core.package_identification:_identify(src/Universal_Robots_ROS2_GZ_Simulation) by extension 'python'
[0.259s] Level 1:colcon.colcon_core.package_identification:_identify(src/Universal_Robots_ROS2_GZ_Simulation) by extensions ['python_setup_py']
[0.259s] Level 1:colcon.colcon_core.package_identification:_identify(src/Universal_Robots_ROS2_GZ_Simulation) by extension 'python_setup_py'
[0.259s] Level 1:colcon.colcon_core.package_identification:_identify(src/Universal_Robots_ROS2_GZ_Simulation/ur_simulation_gz) by extensions ['ignore', 'ignore_ament_install']
[0.259s] Level 1:colcon.colcon_core.package_identification:_identify(src/Universal_Robots_ROS2_GZ_Simulation/ur_simulation_gz) by extension 'ignore'
[0.259s] Level 1:colcon.colcon_core.package_identification:_identify(src/Universal_Robots_ROS2_GZ_Simulation/ur_simulation_gz) by extension 'ignore_ament_install'
[0.259s] Level 1:colcon.colcon_core.package_identification:_identify(src/Universal_Robots_ROS2_GZ_Simulation/ur_simulation_gz) by extensions ['colcon_pkg']
[0.259s] Level 1:colcon.colcon_core.package_identification:_identify(src/Universal_Robots_ROS2_GZ_Simulation/ur_simulation_gz) by extension 'colcon_pkg'
[0.259s] Level 1:colcon.colcon_core.package_identification:_identify(src/Universal_Robots_ROS2_GZ_Simulation/ur_simulation_gz) by extensions ['colcon_meta']
[0.259s] Level 1:colcon.colcon_core.package_identification:_identify(src/Universal_Robots_ROS2_GZ_Simulation/ur_simulation_gz) by extension 'colcon_meta'
[0.259s] Level 1:colcon.colcon_core.package_identification:_identify(src/Universal_Robots_ROS2_GZ_Simulation/ur_simulation_gz) by extensions ['ros']
[0.259s] Level 1:colcon.colcon_core.package_identification:_identify(src/Universal_Robots_ROS2_GZ_Simulation/ur_simulation_gz) by extension 'ros'
[0.260s] DEBUG:colcon.colcon_core.package_identification:Package 'src/Universal_Robots_ROS2_GZ_Simulation/ur_simulation_gz' with type 'ros.ament_cmake' and name 'ur_simulation_gz'
[0.261s] Level 1:colcon.colcon_core.package_identification:_identify(src/Universal_Robots_ROS2_Gazebo_Simulation) by extensions ['ignore', 'ignore_ament_install']
[0.261s] Level 1:colcon.colcon_core.package_identification:_identify(src/Universal_Robots_ROS2_Gazebo_Simulation) by extension 'ignore'
[0.261s] Level 1:colcon.colcon_core.package_identification:_identify(src/Universal_Robots_ROS2_Gazebo_Simulation) by extension 'ignore_ament_install'
[0.261s] Level 1:colcon.colcon_core.package_identification:_identify(src/Universal_Robots_ROS2_Gazebo_Simulation) by extensions ['colcon_pkg']
[0.261s] Level 1:colcon.colcon_core.package_identification:_identify(src/Universal_Robots_ROS2_Gazebo_Simulation) by extension 'colcon_pkg'
[0.261s] Level 1:colcon.colcon_core.package_identification:_identify(src/Universal_Robots_ROS2_Gazebo_Simulation) by extensions ['colcon_meta']
[0.261s] Level 1:colcon.colcon_core.package_identification:_identify(src/Universal_Robots_ROS2_Gazebo_Simulation) by extension 'colcon_meta'
[0.261s] Level 1:colcon.colcon_core.package_identification:_identify(src/Universal_Robots_ROS2_Gazebo_Simulation) by extensions ['ros']
[0.261s] Level 1:colcon.colcon_core.package_identification:_identify(src/Universal_Robots_ROS2_Gazebo_Simulation) by extension 'ros'
[0.261s] Level 1:colcon.colcon_core.package_identification:_identify(src/Universal_Robots_ROS2_Gazebo_Simulation) by extensions ['cmake', 'python']
[0.261s] Level 1:colcon.colcon_core.package_identification:_identify(src/Universal_Robots_ROS2_Gazebo_Simulation) by extension 'cmake'
[0.261s] Level 1:colcon.colcon_core.package_identification:_identify(src/Universal_Robots_ROS2_Gazebo_Simulation) by extension 'python'
[0.261s] Level 1:colcon.colcon_core.package_identification:_identify(src/Universal_Robots_ROS2_Gazebo_Simulation) by extensions ['python_setup_py']
[0.261s] Level 1:colcon.colcon_core.package_identification:_identify(src/Universal_Robots_ROS2_Gazebo_Simulation) by extension 'python_setup_py'
[0.261s] Level 1:colcon.colcon_core.package_identification:_identify(src/Universal_Robots_ROS2_Gazebo_Simulation/ur_simulation_gazebo) by extensions ['ignore', 'ignore_ament_install']
[0.262s] Level 1:colcon.colcon_core.package_identification:_identify(src/Universal_Robots_ROS2_Gazebo_Simulation/ur_simulation_gazebo) by extension 'ignore'
[0.262s] Level 1:colcon.colcon_core.package_identification:_identify(src/Universal_Robots_ROS2_Gazebo_Simulation/ur_simulation_gazebo) by extension 'ignore_ament_install'
[0.262s] Level 1:colcon.colcon_core.package_identification:_identify(src/Universal_Robots_ROS2_Gazebo_Simulation/ur_simulation_gazebo) by extensions ['colcon_pkg']
[0.262s] Level 1:colcon.colcon_core.package_identification:_identify(src/Universal_Robots_ROS2_Gazebo_Simulation/ur_simulation_gazebo) by extension 'colcon_pkg'
[0.262s] Level 1:colcon.colcon_core.package_identification:_identify(src/Universal_Robots_ROS2_Gazebo_Simulation/ur_simulation_gazebo) by extensions ['colcon_meta']
[0.262s] Level 1:colcon.colcon_core.package_identification:_identify(src/Universal_Robots_ROS2_Gazebo_Simulation/ur_simulation_gazebo) by extension 'colcon_meta'
[0.262s] Level 1:colcon.colcon_core.package_identification:_identify(src/Universal_Robots_ROS2_Gazebo_Simulation/ur_simulation_gazebo) by extensions ['ros']
[0.262s] Level 1:colcon.colcon_core.package_identification:_identify(src/Universal_Robots_ROS2_Gazebo_Simulation/ur_simulation_gazebo) by extension 'ros'
[0.262s] DEBUG:colcon.colcon_core.package_identification:Package 'src/Universal_Robots_ROS2_Gazebo_Simulation/ur_simulation_gazebo' with type 'ros.ament_cmake' and name 'ur_simulation_gazebo'
[0.263s] Level 1:colcon.colcon_core.package_discovery:discover_packages(recursive) using defaults
[0.263s] Level 1:colcon.colcon_core.package_discovery:discover_packages(ignore) discover
[0.263s] Level 1:colcon.colcon_core.package_discovery:discover_packages(ignore) using defaults
[0.263s] Level 1:colcon.colcon_core.package_discovery:discover_packages(path) discover
[0.263s] Level 1:colcon.colcon_core.package_discovery:discover_packages(path) using defaults
[0.289s] Level 1:colcon.colcon_core.package_discovery:discover_packages(prefix_path) check parameters
[0.290s] Level 1:colcon.colcon_core.package_discovery:discover_packages(prefix_path) discover
[0.291s] WARNING:colcon.colcon_ros.prefix_path.ament:The path '/home/saia/Semantic_Scavenger_ws/install/ur_simulation_gz' in the environment variable AMENT_PREFIX_PATH doesn't exist
[0.291s] WARNING:colcon.colcon_ros.prefix_path.ament:The path '/home/saia/Semantic_Scavenger_ws/install/ur_simulation_gazebo' in the environment variable AMENT_PREFIX_PATH doesn't exist
[0.291s] WARNING:colcon.colcon_ros.prefix_path.ament:The path '/home/saia/Semantic_Scavenger_ws/install/ur_moveit_config' in the environment variable AMENT_PREFIX_PATH doesn't exist
[0.291s] WARNING:colcon.colcon_ros.prefix_path.ament:The path '/home/saia/Semantic_Scavenger_ws/install/ur_description' in the environment variable AMENT_PREFIX_PATH doesn't exist
[0.291s] WARNING:colcon.colcon_ros.prefix_path.ament:The path '/home/saia/Semantic_Scavenger_ws/install/ur_controllers' in the environment variable AMENT_PREFIX_PATH doesn't exist
[0.291s] WARNING:colcon.colcon_ros.prefix_path.ament:The path '/home/saia/Semantic_Scavenger_ws/install/ur_dashboard_msgs' in the environment variable AMENT_PREFIX_PATH doesn't exist
[0.291s] WARNING:colcon.colcon_ros.prefix_path.catkin:The path '/home/saia/Semantic_Scavenger_ws/install/ur_simulation_gz' in the environment variable CMAKE_PREFIX_PATH doesn't exist
[0.291s] WARNING:colcon.colcon_ros.prefix_path.catkin:The path '/home/saia/Semantic_Scavenger_ws/install/ur_simulation_gazebo' in the environment variable CMAKE_PREFIX_PATH doesn't exist
[0.291s] WARNING:colcon.colcon_ros.prefix_path.catkin:The path '/home/saia/Semantic_Scavenger_ws/install/ur_moveit_config' in the environment variable CMAKE_PREFIX_PATH doesn't exist
[0.291s] WARNING:colcon.colcon_ros.prefix_path.catkin:The path '/home/saia/Semantic_Scavenger_ws/install/ur_description' in the environment variable CMAKE_PREFIX_PATH doesn't exist
[0.292s] WARNING:colcon.colcon_ros.prefix_path.catkin:The path '/home/saia/Semantic_Scavenger_ws/install/ur_controllers' in the environment variable CMAKE_PREFIX_PATH doesn't exist
[0.292s] WARNING:colcon.colcon_ros.prefix_path.catkin:The path '/home/saia/Semantic_Scavenger_ws/install/ur_dashboard_msgs' in the environment variable CMAKE_PREFIX_PATH doesn't exist
[0.293s] DEBUG:colcon.colcon_installed_package_information.package_discovery:Found 0 installed packages in /home/saia/Semantic_Scavenger_ws/install
[0.295s] DEBUG:colcon.colcon_installed_package_information.package_discovery:Found 378 installed packages in /opt/ros/jazzy
[0.297s] Level 1:colcon.colcon_core.package_discovery:discover_packages(prefix_path) using defaults
[0.334s] Level 5:colcon.colcon_core.verb:set package 'ur_description' build argument 'cmake_args' from command line to 'None'
[0.334s] Level 5:colcon.colcon_core.verb:set package 'ur_description' build argument 'cmake_target' from command line to 'None'
[0.334s] Level 5:colcon.colcon_core.verb:set package 'ur_description' build argument 'cmake_target_skip_unavailable' from command line to 'False'
[0.334s] Level 5:colcon.colcon_core.verb:set package 'ur_description' build argument 'cmake_clean_cache' from command line to 'False'
[0.334s] Level 5:colcon.colcon_core.verb:set package 'ur_description' build argument 'cmake_clean_first' from command line to 'False'
[0.334s] Level 5:colcon.colcon_core.verb:set package 'ur_description' build argument 'cmake_force_configure' from command line to 'False'
[0.334s] Level 5:colcon.colcon_core.verb:set package 'ur_description' build argument 'ament_cmake_args' from command line to 'None'
[0.335s] Level 5:colcon.colcon_core.verb:set package 'ur_description' build argument 'catkin_cmake_args' from command line to 'None'
[0.335s] Level 5:colcon.colcon_core.verb:set package 'ur_description' build argument 'catkin_skip_building_tests' from command line to 'False'
[0.335s] DEBUG:colcon.colcon_core.verb:Building package 'ur_description' with the following arguments: {'ament_cmake_args': None, 'build_base': '/home/saia/Semantic_Scavenger_ws/build/ur_description', 'catkin_cmake_args': None, 'catkin_skip_building_tests': False, 'cmake_args': None, 'cmake_clean_cache': False, 'cmake_clean_first': False, 'cmake_force_configure': False, 'cmake_target': None, 'cmake_target_skip_unavailable': False, 'install_base': '/home/saia/Semantic_Scavenger_ws/install/ur_description', 'merge_install': False, 'path': '/home/saia/Semantic_Scavenger_ws/src/Universal_Robots_ROS2_Description', 'symlink_install': True, 'test_result_base': None}
[0.335s] Level 5:colcon.colcon_core.verb:set package 'ur_simulation_gazebo' build argument 'cmake_args' from command line to 'None'
[0.335s] Level 5:colcon.colcon_core.verb:set package 'ur_simulation_gazebo' build argument 'cmake_target' from command line to 'None'
[0.335s] Level 5:colcon.colcon_core.verb:set package 'ur_simulation_gazebo' build argument 'cmake_target_skip_unavailable' from command line to 'False'
[0.335s] Level 5:colcon.colcon_core.verb:set package 'ur_simulation_gazebo' build argument 'cmake_clean_cache' from command line to 'False'
[0.335s] Level 5:colcon.colcon_core.verb:set package 'ur_simulation_gazebo' build argument 'cmake_clean_first' from command line to 'False'
[0.335s] Level 5:colcon.colcon_core.verb:set package 'ur_simulation_gazebo' build argument 'cmake_force_configure' from command line to 'False'
[0.335s] Level 5:colcon.colcon_core.verb:set package 'ur_simulation_gazebo' build argument 'ament_cmake_args' from command line to 'None'
[0.335s] Level 5:colcon.colcon_core.verb:set package 'ur_simulation_gazebo' build argument 'catkin_cmake_args' from command line to 'None'
[0.335s] Level 5:colcon.colcon_core.verb:set package 'ur_simulation_gazebo' build argument 'catkin_skip_building_tests' from command line to 'False'
[0.335s] DEBUG:colcon.colcon_core.verb:Building package 'ur_simulation_gazebo' with the following arguments: {'ament_cmake_args': None, 'build_base': '/home/saia/Semantic_Scavenger_ws/build/ur_simulation_gazebo', 'catkin_cmake_args': None, 'catkin_skip_building_tests': False, 'cmake_args': None, 'cmake_clean_cache': False, 'cmake_clean_first': False, 'cmake_force_configure': False, 'cmake_target': None, 'cmake_target_skip_unavailable': False, 'install_base': '/home/saia/Semantic_Scavenger_ws/install/ur_simulation_gazebo', 'merge_install': False, 'path': '/home/saia/Semantic_Scavenger_ws/src/Universal_Robots_ROS2_Gazebo_Simulation/ur_simulation_gazebo', 'symlink_install': True, 'test_result_base': None}
[0.335s] Level 5:colcon.colcon_core.verb:set package 'ur_simulation_gz' build argument 'cmake_args' from command line to 'None'
[0.335s] Level 5:colcon.colcon_core.verb:set package 'ur_simulation_gz' build argument 'cmake_target' from command line to 'None'
[0.335s] Level 5:colcon.colcon_core.verb:set package 'ur_simulation_gz' build argument 'cmake_target_skip_unavailable' from command line to 'False'
[0.335s] Level 5:colcon.colcon_core.verb:set package 'ur_simulation_gz' build argument 'cmake_clean_cache' from command line to 'False'
[0.335s] Level 5:colcon.colcon_core.verb:set package 'ur_simulation_gz' build argument 'cmake_clean_first' from command line to 'False'
[0.335s] Level 5:colcon.colcon_core.verb:set package 'ur_simulation_gz' build argument 'cmake_force_configure' from command line to 'False'
[0.335s] Level 5:colcon.colcon_core.verb:set package 'ur_simulation_gz' build argument 'ament_cmake_args' from command line to 'None'
[0.336s] Level 5:colcon.colcon_core.verb:set package 'ur_simulation_gz' build argument 'catkin_cmake_args' from command line to 'None'
[0.336s] Level 5:colcon.colcon_core.verb:set package 'ur_simulation_gz' build argument 'catkin_skip_building_tests' from command line to 'False'
[0.336s] DEBUG:colcon.colcon_core.verb:Building package 'ur_simulation_gz' with the following arguments: {'ament_cmake_args': None, 'build_base': '/home/saia/Semantic_Scavenger_ws/build/ur_simulation_gz', 'catkin_cmake_args': None, 'catkin_skip_building_tests': False, 'cmake_args': None, 'cmake_clean_cache': False, 'cmake_clean_first': False, 'cmake_force_configure': False, 'cmake_target': None, 'cmake_target_skip_unavailable': False, 'install_base': '/home/saia/Semantic_Scavenger_ws/install/ur_simulation_gz', 'merge_install': False, 'path': '/home/saia/Semantic_Scavenger_ws/src/Universal_Robots_ROS2_GZ_Simulation/ur_simulation_gz', 'symlink_install': True, 'test_result_base': None}
[0.336s] INFO:colcon.colcon_core.executor:Executing jobs using 'parallel' executor
[0.337s] DEBUG:colcon.colcon_parallel_executor.executor.parallel:run_until_complete
[0.337s] INFO:colcon.colcon_ros.task.ament_cmake.build:Building ROS package in '/home/saia/Semantic_Scavenger_ws/src/Universal_Robots_ROS2_Description' with build type 'ament_cmake'
[0.337s] INFO:colcon.colcon_cmake.task.cmake.build:Building CMake package in '/home/saia/Semantic_Scavenger_ws/src/Universal_Robots_ROS2_Description'
[0.343s] INFO:colcon.colcon_core.plugin_system:Skipping extension 'colcon_core.shell.bat': Not used on non-Windows systems
[0.344s] INFO:colcon.colcon_core.shell:Skip shell extension 'powershell' for command environment: Not usable outside of PowerShell
[0.344s] DEBUG:colcon.colcon_core.shell:Skip shell extension 'dsv' for command environment
[0.352s] DEBUG:colcon.colcon_core.event_handler.log_command:Invoking command in '/home/saia/Semantic_Scavenger_ws/build/ur_description': CMAKE_PREFIX_PATH=${CMAKE_PREFIX_PATH}:/opt/ros/jazzy DEBUGINFOD_URLS=https://debuginfod.ubuntu.com /usr/bin/cmake /home/saia/Semantic_Scavenger_ws/src/Universal_Robots_ROS2_Description -DAMENT_CMAKE_SYMLINK_INSTALL=1 -DCMAKE_INSTALL_PREFIX=/home/saia/Semantic_Scavenger_ws/install/ur_description
[2.728s] DEBUG:colcon.colcon_core.event_handler.log_command:Invoked command in '/home/saia/Semantic_Scavenger_ws/build/ur_description' returned '0': CMAKE_PREFIX_PATH=${CMAKE_PREFIX_PATH}:/opt/ros/jazzy DEBUGINFOD_URLS=https://debuginfod.ubuntu.com /usr/bin/cmake /home/saia/Semantic_Scavenger_ws/src/Universal_Robots_ROS2_Description -DAMENT_CMAKE_SYMLINK_INSTALL=1 -DCMAKE_INSTALL_PREFIX=/home/saia/Semantic_Scavenger_ws/install/ur_description
[2.729s] DEBUG:colcon.colcon_core.event_handler.log_command:Invoking command in '/home/saia/Semantic_Scavenger_ws/build/ur_description': CMAKE_PREFIX_PATH=${CMAKE_PREFIX_PATH}:/opt/ros/jazzy DEBUGINFOD_URLS=https://debuginfod.ubuntu.com /usr/bin/cmake --build /home/saia/Semantic_Scavenger_ws/build/ur_description -- -j8 -l8
[2.761s] DEBUG:colcon.colcon_core.event_handler.log_command:Invoked command in '/home/saia/Semantic_Scavenger_ws/build/ur_description' returned '0': CMAKE_PREFIX_PATH=${CMAKE_PREFIX_PATH}:/opt/ros/jazzy DEBUGINFOD_URLS=https://debuginfod.ubuntu.com /usr/bin/cmake --build /home/saia/Semantic_Scavenger_ws/build/ur_description -- -j8 -l8
[2.769s] DEBUG:colcon.colcon_core.event_handler.log_command:Invoking command in '/home/saia/Semantic_Scavenger_ws/build/ur_description': CMAKE_PREFIX_PATH=${CMAKE_PREFIX_PATH}:/opt/ros/jazzy DEBUGINFOD_URLS=https://debuginfod.ubuntu.com /usr/bin/cmake --install /home/saia/Semantic_Scavenger_ws/build/ur_description
[4.552s] Level 1:colcon.colcon_core.environment:create_environment_scripts_only(ur_description)
[4.552s] DEBUG:colcon.colcon_core.event_handler.log_command:Invoked command in '/home/saia/Semantic_Scavenger_ws/build/ur_description' returned '0': CMAKE_PREFIX_PATH=${CMAKE_PREFIX_PATH}:/opt/ros/jazzy DEBUGINFOD_URLS=https://debuginfod.ubuntu.com /usr/bin/cmake --install /home/saia/Semantic_Scavenger_ws/build/ur_description
[4.560s] Level 1:colcon.colcon_core.environment:checking '/home/saia/Semantic_Scavenger_ws/install/ur_description' for CMake module files
[4.561s] Level 1:colcon.colcon_core.environment:checking '/home/saia/Semantic_Scavenger_ws/install/ur_description' for CMake config files
[4.562s] Level 1:colcon.colcon_core.shell:create_environment_hook('ur_description', 'cmake_prefix_path')
[4.562s] INFO:colcon.colcon_core.shell:Creating environment hook '/home/saia/Semantic_Scavenger_ws/install/ur_description/share/ur_description/hook/cmake_prefix_path.ps1'
[4.563s] INFO:colcon.colcon_core.shell:Creating environment descriptor '/home/saia/Semantic_Scavenger_ws/install/ur_description/share/ur_description/hook/cmake_prefix_path.dsv'
[4.564s] INFO:colcon.colcon_core.shell:Creating environment hook '/home/saia/Semantic_Scavenger_ws/install/ur_description/share/ur_description/hook/cmake_prefix_path.sh'
[4.564s] Level 1:colcon.colcon_core.environment:checking '/home/saia/Semantic_Scavenger_ws/install/ur_description/bin'
[4.564s] Level 1:colcon.colcon_core.environment:checking '/home/saia/Semantic_Scavenger_ws/install/ur_description/lib/pkgconfig/ur_description.pc'
[4.565s] Level 1:colcon.colcon_core.environment:checking '/home/saia/Semantic_Scavenger_ws/install/ur_description/lib/python3.12/site-packages'
[4.565s] Level 1:colcon.colcon_core.environment:checking '/home/saia/Semantic_Scavenger_ws/install/ur_description/bin'
[4.565s] INFO:colcon.colcon_core.shell:Creating package script '/home/saia/Semantic_Scavenger_ws/install/ur_description/share/ur_description/package.ps1'
[4.566s] INFO:colcon.colcon_core.shell:Creating package descriptor '/home/saia/Semantic_Scavenger_ws/install/ur_description/share/ur_description/package.dsv'
[4.566s] INFO:colcon.colcon_core.shell:Creating package script '/home/saia/Semantic_Scavenger_ws/install/ur_description/share/ur_description/package.sh'
[4.567s] INFO:colcon.colcon_core.shell:Creating package script '/home/saia/Semantic_Scavenger_ws/install/ur_description/share/ur_description/package.bash'
[4.567s] INFO:colcon.colcon_core.shell:Creating package script '/home/saia/Semantic_Scavenger_ws/install/ur_description/share/ur_description/package.zsh'
[4.568s] Level 1:colcon.colcon_core.environment:create_file_with_runtime_dependencies(/home/saia/Semantic_Scavenger_ws/install/ur_description/share/colcon-core/packages/ur_description)
[4.569s] Level 1:colcon.colcon_core.environment:create_environment_scripts_only(ur_description)
[4.569s] Level 1:colcon.colcon_core.environment:checking '/home/saia/Semantic_Scavenger_ws/install/ur_description' for CMake module files
[4.569s] Level 1:colcon.colcon_core.environment:checking '/home/saia/Semantic_Scavenger_ws/install/ur_description' for CMake config files
[4.570s] Level 1:colcon.colcon_core.shell:create_environment_hook('ur_description', 'cmake_prefix_path')
[4.570s] INFO:colcon.colcon_core.shell:Creating environment hook '/home/saia/Semantic_Scavenger_ws/install/ur_description/share/ur_description/hook/cmake_prefix_path.ps1'
[4.570s] INFO:colcon.colcon_core.shell:Creating environment descriptor '/home/saia/Semantic_Scavenger_ws/install/ur_description/share/ur_description/hook/cmake_prefix_path.dsv'
[4.570s] INFO:colcon.colcon_core.shell:Creating environment hook '/home/saia/Semantic_Scavenger_ws/install/ur_description/share/ur_description/hook/cmake_prefix_path.sh'
[4.571s] Level 1:colcon.colcon_core.environment:checking '/home/saia/Semantic_Scavenger_ws/install/ur_description/bin'
[4.571s] Level 1:colcon.colcon_core.environment:checking '/home/saia/Semantic_Scavenger_ws/install/ur_description/lib/pkgconfig/ur_description.pc'
[4.571s] Level 1:colcon.colcon_core.environment:checking '/home/saia/Semantic_Scavenger_ws/install/ur_description/lib/python3.12/site-packages'
[4.571s] Level 1:colcon.colcon_core.environment:checking '/home/saia/Semantic_Scavenger_ws/install/ur_description/bin'
[4.571s] INFO:colcon.colcon_core.shell:Creating package script '/home/saia/Semantic_Scavenger_ws/install/ur_description/share/ur_description/package.ps1'
[4.572s] INFO:colcon.colcon_core.shell:Creating package descriptor '/home/saia/Semantic_Scavenger_ws/install/ur_description/share/ur_description/package.dsv'
[4.572s] INFO:colcon.colcon_core.shell:Creating package script '/home/saia/Semantic_Scavenger_ws/install/ur_description/share/ur_description/package.sh'
[4.572s] INFO:colcon.colcon_core.shell:Creating package script '/home/saia/Semantic_Scavenger_ws/install/ur_description/share/ur_description/package.bash'
[4.573s] INFO:colcon.colcon_core.shell:Creating package script '/home/saia/Semantic_Scavenger_ws/install/ur_description/share/ur_description/package.zsh'
[4.573s] Level 1:colcon.colcon_core.environment:create_file_with_runtime_dependencies(/home/saia/Semantic_Scavenger_ws/install/ur_description/share/colcon-core/packages/ur_description)
[4.573s] INFO:colcon.colcon_ros.task.ament_cmake.build:Building ROS package in '/home/saia/Semantic_Scavenger_ws/src/Universal_Robots_ROS2_Gazebo_Simulation/ur_simulation_gazebo' with build type 'ament_cmake'
[4.573s] INFO:colcon.colcon_cmake.task.cmake.build:Building CMake package in '/home/saia/Semantic_Scavenger_ws/src/Universal_Robots_ROS2_Gazebo_Simulation/ur_simulation_gazebo'
[4.574s] INFO:colcon.colcon_core.shell:Skip shell extension 'powershell' for command environment: Not usable outside of PowerShell
[4.574s] DEBUG:colcon.colcon_core.shell:Skip shell extension 'dsv' for command environment
[4.578s] INFO:colcon.colcon_ros.task.ament_cmake.build:Building ROS package in '/home/saia/Semantic_Scavenger_ws/src/Universal_Robots_ROS2_GZ_Simulation/ur_simulation_gz' with build type 'ament_cmake'
[4.578s] INFO:colcon.colcon_cmake.task.cmake.build:Building CMake package in '/home/saia/Semantic_Scavenger_ws/src/Universal_Robots_ROS2_GZ_Simulation/ur_simulation_gz'
[4.578s] INFO:colcon.colcon_core.shell:Skip shell extension 'powershell' for command environment: Not usable outside of PowerShell
[4.578s] DEBUG:colcon.colcon_core.shell:Skip shell extension 'dsv' for command environment
[4.605s] DEBUG:colcon.colcon_core.event_handler.log_command:Invoking command in '/home/saia/Semantic_Scavenger_ws/build/ur_simulation_gazebo': CMAKE_PREFIX_PATH=/home/saia/Semantic_Scavenger_ws/install/ur_description:/home/saia/Semantic_Scavenger_ws/install/ur_simulation_gz:/home/saia/Semantic_Scavenger_ws/install/ur_simulation_gazebo:/home/saia/Semantic_Scavenger_ws/install/ur_moveit_config:/home/saia/Semantic_Scavenger_ws/install/ur_controllers:/home/saia/Semantic_Scavenger_ws/install/ur_dashboard_msgs:/opt/ros/jazzy/opt/gz_sim_vendor:/opt/ros/jazzy/opt/gz_sensors_vendor:/opt/ros/jazzy/opt/gz_physics_vendor:/opt/ros/jazzy/opt/sdformat_vendor:/opt/ros/jazzy/opt/gz_gui_vendor:/opt/ros/jazzy/opt/gz_transport_vendor:/opt/ros/jazzy/opt/gz_rendering_vendor:/opt/ros/jazzy/opt/gz_plugin_vendor:/opt/ros/jazzy/opt/gz_fuel_tools_vendor:/opt/ros/jazzy/opt/gz_msgs_vendor:/opt/ros/jazzy/opt/gz_common_vendor:/opt/ros/jazzy/opt/gz_math_vendor:/opt/ros/jazzy/opt/gz_utils_vendor:/opt/ros/jazzy/opt/gz_tools_vendor:/opt/ros/jazzy/opt/gz_ogre_next_vendor:/opt/ros/jazzy/opt/gz_dartsim_vendor:/opt/ros/jazzy/opt/gz_cmake_vendor:/opt/ros/jazzy DEBUGINFOD_URLS=https://debuginfod.ubuntu.com /usr/bin/cmake /home/saia/Semantic_Scavenger_ws/src/Universal_Robots_ROS2_Gazebo_Simulation/ur_simulation_gazebo -DAMENT_CMAKE_SYMLINK_INSTALL=1 -DCMAKE_INSTALL_PREFIX=/home/saia/Semantic_Scavenger_ws/install/ur_simulation_gazebo
[4.608s] DEBUG:colcon.colcon_core.event_handler.log_command:Invoking command in '/home/saia/Semantic_Scavenger_ws/build/ur_simulation_gz': CMAKE_PREFIX_PATH=/home/saia/Semantic_Scavenger_ws/install/ur_description:/home/saia/Semantic_Scavenger_ws/install/ur_simulation_gz:/home/saia/Semantic_Scavenger_ws/install/ur_simulation_gazebo:/home/saia/Semantic_Scavenger_ws/install/ur_moveit_config:/home/saia/Semantic_Scavenger_ws/install/ur_controllers:/home/saia/Semantic_Scavenger_ws/install/ur_dashboard_msgs:/opt/ros/jazzy/opt/gz_sim_vendor:/opt/ros/jazzy/opt/gz_sensors_vendor:/opt/ros/jazzy/opt/gz_physics_vendor:/opt/ros/jazzy/opt/sdformat_vendor:/opt/ros/jazzy/opt/gz_gui_vendor:/opt/ros/jazzy/opt/gz_transport_vendor:/opt/ros/jazzy/opt/gz_rendering_vendor:/opt/ros/jazzy/opt/gz_plugin_vendor:/opt/ros/jazzy/opt/gz_fuel_tools_vendor:/opt/ros/jazzy/opt/gz_msgs_vendor:/opt/ros/jazzy/opt/gz_common_vendor:/opt/ros/jazzy/opt/gz_math_vendor:/opt/ros/jazzy/opt/gz_utils_vendor:/opt/ros/jazzy/opt/gz_tools_vendor:/opt/ros/jazzy/opt/gz_ogre_next_vendor:/opt/ros/jazzy/opt/gz_dartsim_vendor:/opt/ros/jazzy/opt/gz_cmake_vendor:/opt/ros/jazzy DEBUGINFOD_URLS=https://debuginfod.ubuntu.com /usr/bin/cmake /home/saia/Semantic_Scavenger_ws/src/Universal_Robots_ROS2_GZ_Simulation/ur_simulation_gz -DAMENT_CMAKE_SYMLINK_INSTALL=1 -DCMAKE_INSTALL_PREFIX=/home/saia/Semantic_Scavenger_ws/install/ur_simulation_gz
[6.211s] DEBUG:colcon.colcon_core.event_handler.log_command:Invoked command in '/home/saia/Semantic_Scavenger_ws/build/ur_simulation_gazebo' returned '0': CMAKE_PREFIX_PATH=/home/saia/Semantic_Scavenger_ws/install/ur_description:/home/saia/Semantic_Scavenger_ws/install/ur_simulation_gz:/home/saia/Semantic_Scavenger_ws/install/ur_simulation_gazebo:/home/saia/Semantic_Scavenger_ws/install/ur_moveit_config:/home/saia/Semantic_Scavenger_ws/install/ur_controllers:/home/saia/Semantic_Scavenger_ws/install/ur_dashboard_msgs:/opt/ros/jazzy/opt/gz_sim_vendor:/opt/ros/jazzy/opt/gz_sensors_vendor:/opt/ros/jazzy/opt/gz_physics_vendor:/opt/ros/jazzy/opt/sdformat_vendor:/opt/ros/jazzy/opt/gz_gui_vendor:/opt/ros/jazzy/opt/gz_transport_vendor:/opt/ros/jazzy/opt/gz_rendering_vendor:/opt/ros/jazzy/opt/gz_plugin_vendor:/opt/ros/jazzy/opt/gz_fuel_tools_vendor:/opt/ros/jazzy/opt/gz_msgs_vendor:/opt/ros/jazzy/opt/gz_common_vendor:/opt/ros/jazzy/opt/gz_math_vendor:/opt/ros/jazzy/opt/gz_utils_vendor:/opt/ros/jazzy/opt/gz_tools_vendor:/opt/ros/jazzy/opt/gz_ogre_next_vendor:/opt/ros/jazzy/opt/gz_dartsim_vendor:/opt/ros/jazzy/opt/gz_cmake_vendor:/opt/ros/jazzy DEBUGINFOD_URLS=https://debuginfod.ubuntu.com /usr/bin/cmake /home/saia/Semantic_Scavenger_ws/src/Universal_Robots_ROS2_Gazebo_Simulation/ur_simulation_gazebo -DAMENT_CMAKE_SYMLINK_INSTALL=1 -DCMAKE_INSTALL_PREFIX=/home/saia/Semantic_Scavenger_ws/install/ur_simulation_gazebo
[6.211s] DEBUG:colcon.colcon_core.event_handler.log_command:Invoking command in '/home/saia/Semantic_Scavenger_ws/build/ur_simulation_gazebo': CMAKE_PREFIX_PATH=/home/saia/Semantic_Scavenger_ws/install/ur_description:/home/saia/Semantic_Scavenger_ws/install/ur_simulation_gz:/home/saia/Semantic_Scavenger_ws/install/ur_simulation_gazebo:/home/saia/Semantic_Scavenger_ws/install/ur_moveit_config:/home/saia/Semantic_Scavenger_ws/install/ur_controllers:/home/saia/Semantic_Scavenger_ws/install/ur_dashboard_msgs:/opt/ros/jazzy/opt/gz_sim_vendor:/opt/ros/jazzy/opt/gz_sensors_vendor:/opt/ros/jazzy/opt/gz_physics_vendor:/opt/ros/jazzy/opt/sdformat_vendor:/opt/ros/jazzy/opt/gz_gui_vendor:/opt/ros/jazzy/opt/gz_transport_vendor:/opt/ros/jazzy/opt/gz_rendering_vendor:/opt/ros/jazzy/opt/gz_plugin_vendor:/opt/ros/jazzy/opt/gz_fuel_tools_vendor:/opt/ros/jazzy/opt/gz_msgs_vendor:/opt/ros/jazzy/opt/gz_common_vendor:/opt/ros/jazzy/opt/gz_math_vendor:/opt/ros/jazzy/opt/gz_utils_vendor:/opt/ros/jazzy/opt/gz_tools_vendor:/opt/ros/jazzy/opt/gz_ogre_next_vendor:/opt/ros/jazzy/opt/gz_dartsim_vendor:/opt/ros/jazzy/opt/gz_cmake_vendor:/opt/ros/jazzy DEBUGINFOD_URLS=https://debuginfod.ubuntu.com /usr/bin/cmake --build /home/saia/Semantic_Scavenger_ws/build/ur_simulation_gazebo -- -j8 -l8
[6.247s] DEBUG:colcon.colcon_core.event_handler.log_command:Invoked command in '/home/saia/Semantic_Scavenger_ws/build/ur_simulation_gazebo' returned '0': CMAKE_PREFIX_PATH=/home/saia/Semantic_Scavenger_ws/install/ur_description:/home/saia/Semantic_Scavenger_ws/install/ur_simulation_gz:/home/saia/Semantic_Scavenger_ws/install/ur_simulation_gazebo:/home/saia/Semantic_Scavenger_ws/install/ur_moveit_config:/home/saia/Semantic_Scavenger_ws/install/ur_controllers:/home/saia/Semantic_Scavenger_ws/install/ur_dashboard_msgs:/opt/ros/jazzy/opt/gz_sim_vendor:/opt/ros/jazzy/opt/gz_sensors_vendor:/opt/ros/jazzy/opt/gz_physics_vendor:/opt/ros/jazzy/opt/sdformat_vendor:/opt/ros/jazzy/opt/gz_gui_vendor:/opt/ros/jazzy/opt/gz_transport_vendor:/opt/ros/jazzy/opt/gz_rendering_vendor:/opt/ros/jazzy/opt/gz_plugin_vendor:/opt/ros/jazzy/opt/gz_fuel_tools_vendor:/opt/ros/jazzy/opt/gz_msgs_vendor:/opt/ros/jazzy/opt/gz_common_vendor:/opt/ros/jazzy/opt/gz_math_vendor:/opt/ros/jazzy/opt/gz_utils_vendor:/opt/ros/jazzy/opt/gz_tools_vendor:/opt/ros/jazzy/opt/gz_ogre_next_vendor:/opt/ros/jazzy/opt/gz_dartsim_vendor:/opt/ros/jazzy/opt/gz_cmake_vendor:/opt/ros/jazzy DEBUGINFOD_URLS=https://debuginfod.ubuntu.com /usr/bin/cmake --build /home/saia/Semantic_Scavenger_ws/build/ur_simulation_gazebo -- -j8 -l8
[6.249s] DEBUG:colcon.colcon_core.event_handler.log_command:Invoking command in '/home/saia/Semantic_Scavenger_ws/build/ur_simulation_gazebo': CMAKE_PREFIX_PATH=/home/saia/Semantic_Scavenger_ws/install/ur_description:/home/saia/Semantic_Scavenger_ws/install/ur_simulation_gz:/home/saia/Semantic_Scavenger_ws/install/ur_simulation_gazebo:/home/saia/Semantic_Scavenger_ws/install/ur_moveit_config:/home/saia/Semantic_Scavenger_ws/install/ur_controllers:/home/saia/Semantic_Scavenger_ws/install/ur_dashboard_msgs:/opt/ros/jazzy/opt/gz_sim_vendor:/opt/ros/jazzy/opt/gz_sensors_vendor:/opt/ros/jazzy/opt/gz_physics_vendor:/opt/ros/jazzy/opt/sdformat_vendor:/opt/ros/jazzy/opt/gz_gui_vendor:/opt/ros/jazzy/opt/gz_transport_vendor:/opt/ros/jazzy/opt/gz_rendering_vendor:/opt/ros/jazzy/opt/gz_plugin_vendor:/opt/ros/jazzy/opt/gz_fuel_tools_vendor:/opt/ros/jazzy/opt/gz_msgs_vendor:/opt/ros/jazzy/opt/gz_common_vendor:/opt/ros/jazzy/opt/gz_math_vendor:/opt/ros/jazzy/opt/gz_utils_vendor:/opt/ros/jazzy/opt/gz_tools_vendor:/opt/ros/jazzy/opt/gz_ogre_next_vendor:/opt/ros/jazzy/opt/gz_dartsim_vendor:/opt/ros/jazzy/opt/gz_cmake_vendor:/opt/ros/jazzy DEBUGINFOD_URLS=https://debuginfod.ubuntu.com /usr/bin/cmake --install /home/saia/Semantic_Scavenger_ws/build/ur_simulation_gazebo
[6.435s] Level 1:colcon.colcon_core.environment:create_environment_scripts_only(ur_simulation_gazebo)
[6.435s] Level 1:colcon.colcon_core.environment:checking '/home/saia/Semantic_Scavenger_ws/install/ur_simulation_gazebo' for CMake module files
[6.436s] DEBUG:colcon.colcon_core.event_handler.log_command:Invoked command in '/home/saia/Semantic_Scavenger_ws/build/ur_simulation_gazebo' returned '0': CMAKE_PREFIX_PATH=/home/saia/Semantic_Scavenger_ws/install/ur_description:/home/saia/Semantic_Scavenger_ws/install/ur_simulation_gz:/home/saia/Semantic_Scavenger_ws/install/ur_simulation_gazebo:/home/saia/Semantic_Scavenger_ws/install/ur_moveit_config:/home/saia/Semantic_Scavenger_ws/install/ur_controllers:/home/saia/Semantic_Scavenger_ws/install/ur_dashboard_msgs:/opt/ros/jazzy/opt/gz_sim_vendor:/opt/ros/jazzy/opt/gz_sensors_vendor:/opt/ros/jazzy/opt/gz_physics_vendor:/opt/ros/jazzy/opt/sdformat_vendor:/opt/ros/jazzy/opt/gz_gui_vendor:/opt/ros/jazzy/opt/gz_transport_vendor:/opt/ros/jazzy/opt/gz_rendering_vendor:/opt/ros/jazzy/opt/gz_plugin_vendor:/opt/ros/jazzy/opt/gz_fuel_tools_vendor:/opt/ros/jazzy/opt/gz_msgs_vendor:/opt/ros/jazzy/opt/gz_common_vendor:/opt/ros/jazzy/opt/gz_math_vendor:/opt/ros/jazzy/opt/gz_utils_vendor:/opt/ros/jazzy/opt/gz_tools_vendor:/opt/ros/jazzy/opt/gz_ogre_next_vendor:/opt/ros/jazzy/opt/gz_dartsim_vendor:/opt/ros/jazzy/opt/gz_cmake_vendor:/opt/ros/jazzy DEBUGINFOD_URLS=https://debuginfod.ubuntu.com /usr/bin/cmake --install /home/saia/Semantic_Scavenger_ws/build/ur_simulation_gazebo
[6.436s] Level 1:colcon.colcon_core.environment:checking '/home/saia/Semantic_Scavenger_ws/install/ur_simulation_gazebo' for CMake config files
[6.436s] Level 1:colcon.colcon_core.shell:create_environment_hook('ur_simulation_gazebo', 'cmake_prefix_path')
[6.437s] INFO:colcon.colcon_core.shell:Creating environment hook '/home/saia/Semantic_Scavenger_ws/install/ur_simulation_gazebo/share/ur_simulation_gazebo/hook/cmake_prefix_path.ps1'
[6.437s] INFO:colcon.colcon_core.shell:Creating environment descriptor '/home/saia/Semantic_Scavenger_ws/install/ur_simulation_gazebo/share/ur_simulation_gazebo/hook/cmake_prefix_path.dsv'
[6.437s] INFO:colcon.colcon_core.shell:Creating environment hook '/home/saia/Semantic_Scavenger_ws/install/ur_simulation_gazebo/share/ur_simulation_gazebo/hook/cmake_prefix_path.sh'
[6.438s] Level 1:colcon.colcon_core.environment:checking '/home/saia/Semantic_Scavenger_ws/install/ur_simulation_gazebo/bin'
[6.438s] Level 1:colcon.colcon_core.environment:checking '/home/saia/Semantic_Scavenger_ws/install/ur_simulation_gazebo/lib/pkgconfig/ur_simulation_gazebo.pc'
[6.438s] Level 1:colcon.colcon_core.environment:checking '/home/saia/Semantic_Scavenger_ws/install/ur_simulation_gazebo/lib/python3.12/site-packages'
[6.438s] Level 1:colcon.colcon_core.environment:checking '/home/saia/Semantic_Scavenger_ws/install/ur_simulation_gazebo/bin'
[6.438s] INFO:colcon.colcon_core.shell:Creating package script '/home/saia/Semantic_Scavenger_ws/install/ur_simulation_gazebo/share/ur_simulation_gazebo/package.ps1'
[6.438s] INFO:colcon.colcon_core.shell:Creating package descriptor '/home/saia/Semantic_Scavenger_ws/install/ur_simulation_gazebo/share/ur_simulation_gazebo/package.dsv'
[6.439s] INFO:colcon.colcon_core.shell:Creating package script '/home/saia/Semantic_Scavenger_ws/install/ur_simulation_gazebo/share/ur_simulation_gazebo/package.sh'
[6.439s] INFO:colcon.colcon_core.shell:Creating package script '/home/saia/Semantic_Scavenger_ws/install/ur_simulation_gazebo/share/ur_simulation_gazebo/package.bash'
[6.439s] INFO:colcon.colcon_core.shell:Creating package script '/home/saia/Semantic_Scavenger_ws/install/ur_simulation_gazebo/share/ur_simulation_gazebo/package.zsh'
[6.439s] Level 1:colcon.colcon_core.environment:create_file_with_runtime_dependencies(/home/saia/Semantic_Scavenger_ws/install/ur_simulation_gazebo/share/colcon-core/packages/ur_simulation_gazebo)
[6.440s] Level 1:colcon.colcon_core.environment:create_environment_scripts_only(ur_simulation_gazebo)
[6.440s] Level 1:colcon.colcon_core.environment:checking '/home/saia/Semantic_Scavenger_ws/install/ur_simulation_gazebo' for CMake module files
[6.441s] Level 1:colcon.colcon_core.environment:checking '/home/saia/Semantic_Scavenger_ws/install/ur_simulation_gazebo' for CMake config files
[6.441s] Level 1:colcon.colcon_core.shell:create_environment_hook('ur_simulation_gazebo', 'cmake_prefix_path')
[6.441s] INFO:colcon.colcon_core.shell:Creating environment hook '/home/saia/Semantic_Scavenger_ws/install/ur_simulation_gazebo/share/ur_simulation_gazebo/hook/cmake_prefix_path.ps1'
[6.441s] INFO:colcon.colcon_core.shell:Creating environment descriptor '/home/saia/Semantic_Scavenger_ws/install/ur_simulation_gazebo/share/ur_simulation_gazebo/hook/cmake_prefix_path.dsv'
[6.441s] INFO:colcon.colcon_core.shell:Creating environment hook '/home/saia/Semantic_Scavenger_ws/install/ur_simulation_gazebo/share/ur_simulation_gazebo/hook/cmake_prefix_path.sh'
[6.442s] Level 1:colcon.colcon_core.environment:checking '/home/saia/Semantic_Scavenger_ws/install/ur_simulation_gazebo/bin'
[6.442s] Level 1:colcon.colcon_core.environment:checking '/home/saia/Semantic_Scavenger_ws/install/ur_simulation_gazebo/lib/pkgconfig/ur_simulation_gazebo.pc'
[6.442s] Level 1:colcon.colcon_core.environment:checking '/home/saia/Semantic_Scavenger_ws/install/ur_simulation_gazebo/lib/python3.12/site-packages'
[6.442s] Level 1:colcon.colcon_core.environment:checking '/home/saia/Semantic_Scavenger_ws/install/ur_simulation_gazebo/bin'
[6.443s] INFO:colcon.colcon_core.shell:Creating package script '/home/saia/Semantic_Scavenger_ws/install/ur_simulation_gazebo/share/ur_simulation_gazebo/package.ps1'
[6.443s] INFO:colcon.colcon_core.shell:Creating package descriptor '/home/saia/Semantic_Scavenger_ws/install/ur_simulation_gazebo/share/ur_simulation_gazebo/package.dsv'
[6.443s] INFO:colcon.colcon_core.shell:Creating package script '/home/saia/Semantic_Scavenger_ws/install/ur_simulation_gazebo/share/ur_simulation_gazebo/package.sh'
[6.443s] INFO:colcon.colcon_core.shell:Creating package script '/home/saia/Semantic_Scavenger_ws/install/ur_simulation_gazebo/share/ur_simulation_gazebo/package.bash'
[6.444s] INFO:colcon.colcon_core.shell:Creating package script '/home/saia/Semantic_Scavenger_ws/install/ur_simulation_gazebo/share/ur_simulation_gazebo/package.zsh'
[6.444s] Level 1:colcon.colcon_core.environment:create_file_with_runtime_dependencies(/home/saia/Semantic_Scavenger_ws/install/ur_simulation_gazebo/share/colcon-core/packages/ur_simulation_gazebo)
[6.539s] DEBUG:colcon.colcon_core.event_handler.log_command:Invoked command in '/home/saia/Semantic_Scavenger_ws/build/ur_simulation_gz' returned '0': CMAKE_PREFIX_PATH=/home/saia/Semantic_Scavenger_ws/install/ur_description:/home/saia/Semantic_Scavenger_ws/install/ur_simulation_gz:/home/saia/Semantic_Scavenger_ws/install/ur_simulation_gazebo:/home/saia/Semantic_Scavenger_ws/install/ur_moveit_config:/home/saia/Semantic_Scavenger_ws/install/ur_controllers:/home/saia/Semantic_Scavenger_ws/install/ur_dashboard_msgs:/opt/ros/jazzy/opt/gz_sim_vendor:/opt/ros/jazzy/opt/gz_sensors_vendor:/opt/ros/jazzy/opt/gz_physics_vendor:/opt/ros/jazzy/opt/sdformat_vendor:/opt/ros/jazzy/opt/gz_gui_vendor:/opt/ros/jazzy/opt/gz_transport_vendor:/opt/ros/jazzy/opt/gz_rendering_vendor:/opt/ros/jazzy/opt/gz_plugin_vendor:/opt/ros/jazzy/opt/gz_fuel_tools_vendor:/opt/ros/jazzy/opt/gz_msgs_vendor:/opt/ros/jazzy/opt/gz_common_vendor:/opt/ros/jazzy/opt/gz_math_vendor:/opt/ros/jazzy/opt/gz_utils_vendor:/opt/ros/jazzy/opt/gz_tools_vendor:/opt/ros/jazzy/opt/gz_ogre_next_vendor:/opt/ros/jazzy/opt/gz_dartsim_vendor:/opt/ros/jazzy/opt/gz_cmake_vendor:/opt/ros/jazzy DEBUGINFOD_URLS=https://debuginfod.ubuntu.com /usr/bin/cmake /home/saia/Semantic_Scavenger_ws/src/Universal_Robots_ROS2_GZ_Simulation/ur_simulation_gz -DAMENT_CMAKE_SYMLINK_INSTALL=1 -DCMAKE_INSTALL_PREFIX=/home/saia/Semantic_Scavenger_ws/install/ur_simulation_gz
[6.540s] DEBUG:colcon.colcon_core.event_handler.log_command:Invoking command in '/home/saia/Semantic_Scavenger_ws/build/ur_simulation_gz': CMAKE_PREFIX_PATH=/home/saia/Semantic_Scavenger_ws/install/ur_description:/home/saia/Semantic_Scavenger_ws/install/ur_simulation_gz:/home/saia/Semantic_Scavenger_ws/install/ur_simulation_gazebo:/home/saia/Semantic_Scavenger_ws/install/ur_moveit_config:/home/saia/Semantic_Scavenger_ws/install/ur_controllers:/home/saia/Semantic_Scavenger_ws/install/ur_dashboard_msgs:/opt/ros/jazzy/opt/gz_sim_vendor:/opt/ros/jazzy/opt/gz_sensors_vendor:/opt/ros/jazzy/opt/gz_physics_vendor:/opt/ros/jazzy/opt/sdformat_vendor:/opt/ros/jazzy/opt/gz_gui_vendor:/opt/ros/jazzy/opt/gz_transport_vendor:/opt/ros/jazzy/opt/gz_rendering_vendor:/opt/ros/jazzy/opt/gz_plugin_vendor:/opt/ros/jazzy/opt/gz_fuel_tools_vendor:/opt/ros/jazzy/opt/gz_msgs_vendor:/opt/ros/jazzy/opt/gz_common_vendor:/opt/ros/jazzy/opt/gz_math_vendor:/opt/ros/jazzy/opt/gz_utils_vendor:/opt/ros/jazzy/opt/gz_tools_vendor:/opt/ros/jazzy/opt/gz_ogre_next_vendor:/opt/ros/jazzy/opt/gz_dartsim_vendor:/opt/ros/jazzy/opt/gz_cmake_vendor:/opt/ros/jazzy DEBUGINFOD_URLS=https://debuginfod.ubuntu.com /usr/bin/cmake --build /home/saia/Semantic_Scavenger_ws/build/ur_simulation_gz -- -j8 -l8
[6.576s] DEBUG:colcon.colcon_core.event_handler.log_command:Invoked command in '/home/saia/Semantic_Scavenger_ws/build/ur_simulation_gz' returned '0': CMAKE_PREFIX_PATH=/home/saia/Semantic_Scavenger_ws/install/ur_description:/home/saia/Semantic_Scavenger_ws/install/ur_simulation_gz:/home/saia/Semantic_Scavenger_ws/install/ur_simulation_gazebo:/home/saia/Semantic_Scavenger_ws/install/ur_moveit_config:/home/saia/Semantic_Scavenger_ws/install/ur_controllers:/home/saia/Semantic_Scavenger_ws/install/ur_dashboard_msgs:/opt/ros/jazzy/opt/gz_sim_vendor:/opt/ros/jazzy/opt/gz_sensors_vendor:/opt/ros/jazzy/opt/gz_physics_vendor:/opt/ros/jazzy/opt/sdformat_vendor:/opt/ros/jazzy/opt/gz_gui_vendor:/opt/ros/jazzy/opt/gz_transport_vendor:/opt/ros/jazzy/opt/gz_rendering_vendor:/opt/ros/jazzy/opt/gz_plugin_vendor:/opt/ros/jazzy/opt/gz_fuel_tools_vendor:/opt/ros/jazzy/opt/gz_msgs_vendor:/opt/ros/jazzy/opt/gz_common_vendor:/opt/ros/jazzy/opt/gz_math_vendor:/opt/ros/jazzy/opt/gz_utils_vendor:/opt/ros/jazzy/opt/gz_tools_vendor:/opt/ros/jazzy/opt/gz_ogre_next_vendor:/opt/ros/jazzy/opt/gz_dartsim_vendor:/opt/ros/jazzy/opt/gz_cmake_vendor:/opt/ros/jazzy DEBUGINFOD_URLS=https://debuginfod.ubuntu.com /usr/bin/cmake --build /home/saia/Semantic_Scavenger_ws/build/ur_simulation_gz -- -j8 -l8
[6.577s] DEBUG:colcon.colcon_core.event_handler.log_command:Invoking command in '/home/saia/Semantic_Scavenger_ws/build/ur_simulation_gz': CMAKE_PREFIX_PATH=/home/saia/Semantic_Scavenger_ws/install/ur_description:/home/saia/Semantic_Scavenger_ws/install/ur_simulation_gz:/home/saia/Semantic_Scavenger_ws/install/ur_simulation_gazebo:/home/saia/Semantic_Scavenger_ws/install/ur_moveit_config:/home/saia/Semantic_Scavenger_ws/install/ur_controllers:/home/saia/Semantic_Scavenger_ws/install/ur_dashboard_msgs:/opt/ros/jazzy/opt/gz_sim_vendor:/opt/ros/jazzy/opt/gz_sensors_vendor:/opt/ros/jazzy/opt/gz_physics_vendor:/opt/ros/jazzy/opt/sdformat_vendor:/opt/ros/jazzy/opt/gz_gui_vendor:/opt/ros/jazzy/opt/gz_transport_vendor:/opt/ros/jazzy/opt/gz_rendering_vendor:/opt/ros/jazzy/opt/gz_plugin_vendor:/opt/ros/jazzy/opt/gz_fuel_tools_vendor:/opt/ros/jazzy/opt/gz_msgs_vendor:/opt/ros/jazzy/opt/gz_common_vendor:/opt/ros/jazzy/opt/gz_math_vendor:/opt/ros/jazzy/opt/gz_utils_vendor:/opt/ros/jazzy/opt/gz_tools_vendor:/opt/ros/jazzy/opt/gz_ogre_next_vendor:/opt/ros/jazzy/opt/gz_dartsim_vendor:/opt/ros/jazzy/opt/gz_cmake_vendor:/opt/ros/jazzy DEBUGINFOD_URLS=https://debuginfod.ubuntu.com /usr/bin/cmake --install /home/saia/Semantic_Scavenger_ws/build/ur_simulation_gz
[6.744s] Level 1:colcon.colcon_core.environment:create_environment_scripts_only(ur_simulation_gz)
[6.744s] Level 1:colcon.colcon_core.environment:checking '/home/saia/Semantic_Scavenger_ws/install/ur_simulation_gz' for CMake module files
[6.745s] DEBUG:colcon.colcon_core.event_handler.log_command:Invoked command in '/home/saia/Semantic_Scavenger_ws/build/ur_simulation_gz' returned '0': CMAKE_PREFIX_PATH=/home/saia/Semantic_Scavenger_ws/install/ur_description:/home/saia/Semantic_Scavenger_ws/install/ur_simulation_gz:/home/saia/Semantic_Scavenger_ws/install/ur_simulation_gazebo:/home/saia/Semantic_Scavenger_ws/install/ur_moveit_config:/home/saia/Semantic_Scavenger_ws/install/ur_controllers:/home/saia/Semantic_Scavenger_ws/install/ur_dashboard_msgs:/opt/ros/jazzy/opt/gz_sim_vendor:/opt/ros/jazzy/opt/gz_sensors_vendor:/opt/ros/jazzy/opt/gz_physics_vendor:/opt/ros/jazzy/opt/sdformat_vendor:/opt/ros/jazzy/opt/gz_gui_vendor:/opt/ros/jazzy/opt/gz_transport_vendor:/opt/ros/jazzy/opt/gz_rendering_vendor:/opt/ros/jazzy/opt/gz_plugin_vendor:/opt/ros/jazzy/opt/gz_fuel_tools_vendor:/opt/ros/jazzy/opt/gz_msgs_vendor:/opt/ros/jazzy/opt/gz_common_vendor:/opt/ros/jazzy/opt/gz_math_vendor:/opt/ros/jazzy/opt/gz_utils_vendor:/opt/ros/jazzy/opt/gz_tools_vendor:/opt/ros/jazzy/opt/gz_ogre_next_vendor:/opt/ros/jazzy/opt/gz_dartsim_vendor:/opt/ros/jazzy/opt/gz_cmake_vendor:/opt/ros/jazzy DEBUGINFOD_URLS=https://debuginfod.ubuntu.com /usr/bin/cmake --install /home/saia/Semantic_Scavenger_ws/build/ur_simulation_gz
[6.745s] Level 1:colcon.colcon_core.environment:checking '/home/saia/Semantic_Scavenger_ws/install/ur_simulation_gz' for CMake config files
[6.745s] Level 1:colcon.colcon_core.shell:create_environment_hook('ur_simulation_gz', 'cmake_prefix_path')
[6.745s] INFO:colcon.colcon_core.shell:Creating environment hook '/home/saia/Semantic_Scavenger_ws/install/ur_simulation_gz/share/ur_simulation_gz/hook/cmake_prefix_path.ps1'
[6.746s] INFO:colcon.colcon_core.shell:Creating environment descriptor '/home/saia/Semantic_Scavenger_ws/install/ur_simulation_gz/share/ur_simulation_gz/hook/cmake_prefix_path.dsv'
[6.746s] INFO:colcon.colcon_core.shell:Creating environment hook '/home/saia/Semantic_Scavenger_ws/install/ur_simulation_gz/share/ur_simulation_gz/hook/cmake_prefix_path.sh'
[6.746s] Level 1:colcon.colcon_core.environment:checking '/home/saia/Semantic_Scavenger_ws/install/ur_simulation_gz/bin'
[6.746s] Level 1:colcon.colcon_core.environment:checking '/home/saia/Semantic_Scavenger_ws/install/ur_simulation_gz/lib/pkgconfig/ur_simulation_gz.pc'
[6.747s] Level 1:colcon.colcon_core.environment:checking '/home/saia/Semantic_Scavenger_ws/install/ur_simulation_gz/lib/python3.12/site-packages'
[6.747s] Level 1:colcon.colcon_core.environment:checking '/home/saia/Semantic_Scavenger_ws/install/ur_simulation_gz/bin'
[6.747s] INFO:colcon.colcon_core.shell:Creating package script '/home/saia/Semantic_Scavenger_ws/install/ur_simulation_gz/share/ur_simulation_gz/package.ps1'
[6.747s] INFO:colcon.colcon_core.shell:Creating package descriptor '/home/saia/Semantic_Scavenger_ws/install/ur_simulation_gz/share/ur_simulation_gz/package.dsv'
[6.747s] INFO:colcon.colcon_core.shell:Creating package script '/home/saia/Semantic_Scavenger_ws/install/ur_simulation_gz/share/ur_simulation_gz/package.sh'
[6.748s] INFO:colcon.colcon_core.shell:Creating package script '/home/saia/Semantic_Scavenger_ws/install/ur_simulation_gz/share/ur_simulation_gz/package.bash'
[6.748s] INFO:colcon.colcon_core.shell:Creating package script '/home/saia/Semantic_Scavenger_ws/install/ur_simulation_gz/share/ur_simulation_gz/package.zsh'
[6.748s] Level 1:colcon.colcon_core.environment:create_file_with_runtime_dependencies(/home/saia/Semantic_Scavenger_ws/install/ur_simulation_gz/share/colcon-core/packages/ur_simulation_gz)
[6.749s] Level 1:colcon.colcon_core.environment:create_environment_scripts_only(ur_simulation_gz)
[6.749s] Level 1:colcon.colcon_core.environment:checking '/home/saia/Semantic_Scavenger_ws/install/ur_simulation_gz' for CMake module files
[6.749s] Level 1:colcon.colcon_core.environment:checking '/home/saia/Semantic_Scavenger_ws/install/ur_simulation_gz' for CMake config files
[6.749s] Level 1:colcon.colcon_core.shell:create_environment_hook('ur_simulation_gz', 'cmake_prefix_path')
[6.749s] INFO:colcon.colcon_core.shell:Creating environment hook '/home/saia/Semantic_Scavenger_ws/install/ur_simulation_gz/share/ur_simulation_gz/hook/cmake_prefix_path.ps1'
[6.749s] INFO:colcon.colcon_core.shell:Creating environment descriptor '/home/saia/Semantic_Scavenger_ws/install/ur_simulation_gz/share/ur_simulation_gz/hook/cmake_prefix_path.dsv'
[6.750s] INFO:colcon.colcon_core.shell:Creating environment hook '/home/saia/Semantic_Scavenger_ws/install/ur_simulation_gz/share/ur_simulation_gz/hook/cmake_prefix_path.sh'
[6.750s] Level 1:colcon.colcon_core.environment:checking '/home/saia/Semantic_Scavenger_ws/install/ur_simulation_gz/bin'
[6.750s] Level 1:colcon.colcon_core.environment:checking '/home/saia/Semantic_Scavenger_ws/install/ur_simulation_gz/lib/pkgconfig/ur_simulation_gz.pc'
[6.750s] Level 1:colcon.colcon_core.environment:checking '/home/saia/Semantic_Scavenger_ws/install/ur_simulation_gz/lib/python3.12/site-packages'
[6.750s] Level 1:colcon.colcon_core.environment:checking '/home/saia/Semantic_Scavenger_ws/install/ur_simulation_gz/bin'
[6.751s] INFO:colcon.colcon_core.shell:Creating package script '/home/saia/Semantic_Scavenger_ws/install/ur_simulation_gz/share/ur_simulation_gz/package.ps1'
[6.751s] INFO:colcon.colcon_core.shell:Creating package descriptor '/home/saia/Semantic_Scavenger_ws/install/ur_simulation_gz/share/ur_simulation_gz/package.dsv'
[6.751s] INFO:colcon.colcon_core.shell:Creating package script '/home/saia/Semantic_Scavenger_ws/install/ur_simulation_gz/share/ur_simulation_gz/package.sh'
[6.752s] INFO:colcon.colcon_core.shell:Creating package script '/home/saia/Semantic_Scavenger_ws/install/ur_simulation_gz/share/ur_simulation_gz/package.bash'
[6.752s] INFO:colcon.colcon_core.shell:Creating package script '/home/saia/Semantic_Scavenger_ws/install/ur_simulation_gz/share/ur_simulation_gz/package.zsh'
[6.752s] Level 1:colcon.colcon_core.environment:create_file_with_runtime_dependencies(/home/saia/Semantic_Scavenger_ws/install/ur_simulation_gz/share/colcon-core/packages/ur_simulation_gz)
[6.752s] DEBUG:colcon.colcon_parallel_executor.executor.parallel:closing loop
[6.753s] DEBUG:colcon.colcon_parallel_executor.executor.parallel:loop closed
[6.753s] DEBUG:colcon.colcon_parallel_executor.executor.parallel:run_until_complete finished with '0'
[6.753s] DEBUG:colcon.colcon_core.event_reactor:joining thread
[6.783s] INFO:colcon.colcon_core.plugin_system:Skipping extension 'colcon_notification.desktop_notification.notify_send': Could not find 'notify-send'
[6.783s] INFO:colcon.colcon_core.plugin_system:Skipping extension 'colcon_notification.desktop_notification.terminal_notifier': Not used on non-Darwin systems
[6.783s] INFO:colcon.colcon_core.plugin_system:Skipping extension 'colcon_notification.desktop_notification.win32': Not used on non-Windows systems
[6.783s] INFO:colcon.colcon_notification.desktop_notification:Sending desktop notification using 'notify2'
[6.830s] DEBUG:colcon.colcon_notification.desktop_notification.notify2:Failed to initialize notify2: org.freedesktop.DBus.Error.ServiceUnknown: The name org.freedesktop.Notifications was not provided by any .service files
[6.830s] DEBUG:colcon.colcon_core.event_reactor:joined thread
[6.831s] INFO:colcon.colcon_core.shell:Creating prefix script '/home/saia/Semantic_Scavenger_ws/install/local_setup.ps1'
[6.832s] INFO:colcon.colcon_core.shell:Creating prefix util module '/home/saia/Semantic_Scavenger_ws/install/_local_setup_util_ps1.py'
[6.833s] INFO:colcon.colcon_core.shell:Creating prefix chain script '/home/saia/Semantic_Scavenger_ws/install/setup.ps1'
[6.833s] INFO:colcon.colcon_core.shell:Creating prefix script '/home/saia/Semantic_Scavenger_ws/install/local_setup.sh'
[6.834s] INFO:colcon.colcon_core.shell:Creating prefix util module '/home/saia/Semantic_Scavenger_ws/install/_local_setup_util_sh.py'
[6.834s] INFO:colcon.colcon_core.shell:Creating prefix chain script '/home/saia/Semantic_Scavenger_ws/install/setup.sh'
[6.835s] INFO:colcon.colcon_core.shell:Creating prefix script '/home/saia/Semantic_Scavenger_ws/install/local_setup.bash'
[6.836s] INFO:colcon.colcon_core.shell:Creating prefix chain script '/home/saia/Semantic_Scavenger_ws/install/setup.bash'
[6.836s] INFO:colcon.colcon_core.shell:Creating prefix script '/home/saia/Semantic_Scavenger_ws/install/local_setup.zsh'
[6.837s] INFO:colcon.colcon_core.shell:Creating prefix chain script '/home/saia/Semantic_Scavenger_ws/install/setup.zsh'
