[0.540s] DEBUG:colcon:Command line arguments: ['/usr/bin/colcon', 'build', '--packages-select', 'semantic_scavenger']
[0.540s] DEBUG:colcon:Parsed command line arguments: Namespace(log_base=None, log_level=None, verb_name='build', build_base='build', install_base='install', merge_install=False, symlink_install=False, test_result_base=None, continue_on_error=False, executor='parallel', parallel_workers=8, event_handlers=None, ignore_user_meta=False, metas=['./colcon.meta'], base_paths=['.'], packages_ignore=None, packages_ignore_regex=None, paths=None, packages_up_to=None, packages_up_to_regex=None, packages_above=None, packages_above_and_dependencies=None, packages_above_depth=None, packages_select_by_dep=None, packages_skip_by_dep=None, packages_skip_up_to=None, packages_select_build_failed=False, packages_skip_build_finished=False, packages_select_test_failures=False, packages_skip_test_passed=False, packages_select=['semantic_scavenger'], packages_skip=None, packages_select_regex=None, packages_skip_regex=None, packages_start=None, packages_end=None, allow_overriding=[], cmake_args=None, cmake_target=None, cmake_target_skip_unavailable=False, cmake_clean_cache=False, cmake_clean_first=False, cmake_force_configure=False, ament_cmake_args=None, catkin_cmake_args=None, catkin_skip_building_tests=False, verb_parser=<colcon_defaults.argument_parser.defaults.DefaultArgumentsDecorator object at 0x7d6b6c17d8b0>, verb_extension=<colcon_core.verb.build.BuildVerb object at 0x7d6b6cc0e390>, main=<bound method BuildVerb.main of <colcon_core.verb.build.BuildVerb object at 0x7d6b6cc0e390>>)
[0.663s] Level 1:colcon.colcon_core.package_discovery:discover_packages(colcon_meta) check parameters
[0.663s] Level 1:colcon.colcon_core.package_discovery:discover_packages(recursive) check parameters
[0.664s] Level 1:colcon.colcon_core.package_discovery:discover_packages(ignore) check parameters
[0.664s] Level 1:colcon.colcon_core.package_discovery:discover_packages(path) check parameters
[0.664s] Level 1:colcon.colcon_core.package_discovery:discover_packages(colcon_meta) discover
[0.664s] Level 1:colcon.colcon_core.package_discovery:discover_packages(recursive) discover
[0.664s] INFO:colcon.colcon_core.package_discovery:Crawling recursively for packages in '/home/saia/Semantic_Scavenger_ws'
[0.665s] Level 1:colcon.colcon_core.package_identification:_identify(.) by extensions ['ignore', 'ignore_ament_install']
[0.665s] Level 1:colcon.colcon_core.package_identification:_identify(.) by extension 'ignore'
[0.665s] Level 1:colcon.colcon_core.package_identification:_identify(.) by extension 'ignore_ament_install'
[0.665s] Level 1:colcon.colcon_core.package_identification:_identify(.) by extensions ['colcon_pkg']
[0.665s] Level 1:colcon.colcon_core.package_identification:_identify(.) by extension 'colcon_pkg'
[0.665s] Level 1:colcon.colcon_core.package_identification:_identify(.) by extensions ['colcon_meta']
[0.665s] Level 1:colcon.colcon_core.package_identification:_identify(.) by extension 'colcon_meta'
[0.666s] Level 1:colcon.colcon_core.package_identification:_identify(.) by extensions ['ros']
[0.666s] Level 1:colcon.colcon_core.package_identification:_identify(.) by extension 'ros'
[0.764s] Level 1:colcon.colcon_core.package_identification:_identify(.) by extensions ['cmake', 'python']
[0.764s] Level 1:colcon.colcon_core.package_identification:_identify(.) by extension 'cmake'
[0.764s] Level 1:colcon.colcon_core.package_identification:_identify(.) by extension 'python'
[0.764s] Level 1:colcon.colcon_core.package_identification:_identify(.) by extensions ['python_setup_py']
[0.765s] Level 1:colcon.colcon_core.package_identification:_identify(.) by extension 'python_setup_py'
[0.765s] Level 1:colcon.colcon_core.package_identification:_identify(build) by extensions ['ignore', 'ignore_ament_install']
[0.765s] Level 1:colcon.colcon_core.package_identification:_identify(build) by extension 'ignore'
[0.765s] Level 1:colcon.colcon_core.package_identification:_identify(build) ignored
[0.765s] Level 1:colcon.colcon_core.package_identification:_identify(install) by extensions ['ignore', 'ignore_ament_install']
[0.766s] Level 1:colcon.colcon_core.package_identification:_identify(install) by extension 'ignore'
[0.766s] Level 1:colcon.colcon_core.package_identification:_identify(install) ignored
[0.766s] Level 1:colcon.colcon_core.package_identification:_identify(log) by extensions ['ignore', 'ignore_ament_install']
[0.766s] Level 1:colcon.colcon_core.package_identification:_identify(log) by extension 'ignore'
[0.766s] Level 1:colcon.colcon_core.package_identification:_identify(log) ignored
[0.766s] Level 1:colcon.colcon_core.package_identification:_identify(src) by extensions ['ignore', 'ignore_ament_install']
[0.766s] Level 1:colcon.colcon_core.package_identification:_identify(src) by extension 'ignore'
[0.766s] Level 1:colcon.colcon_core.package_identification:_identify(src) by extension 'ignore_ament_install'
[0.767s] Level 1:colcon.colcon_core.package_identification:_identify(src) by extensions ['colcon_pkg']
[0.767s] Level 1:colcon.colcon_core.package_identification:_identify(src) by extension 'colcon_pkg'
[0.767s] Level 1:colcon.colcon_core.package_identification:_identify(src) by extensions ['colcon_meta']
[0.769s] Level 1:colcon.colcon_core.package_identification:_identify(src) by extension 'colcon_meta'
[0.769s] Level 1:colcon.colcon_core.package_identification:_identify(src) by extensions ['ros']
[0.769s] Level 1:colcon.colcon_core.package_identification:_identify(src) by extension 'ros'
[0.770s] Level 1:colcon.colcon_core.package_identification:_identify(src) by extensions ['cmake', 'python']
[0.770s] Level 1:colcon.colcon_core.package_identification:_identify(src) by extension 'cmake'
[0.770s] Level 1:colcon.colcon_core.package_identification:_identify(src) by extension 'python'
[0.770s] Level 1:colcon.colcon_core.package_identification:_identify(src) by extensions ['python_setup_py']
[0.770s] Level 1:colcon.colcon_core.package_identification:_identify(src) by extension 'python_setup_py'
[0.770s] Level 1:colcon.colcon_core.package_identification:_identify(src/Universal_Robots_ROS2_Description) by extensions ['ignore', 'ignore_ament_install']
[0.770s] Level 1:colcon.colcon_core.package_identification:_identify(src/Universal_Robots_ROS2_Description) by extension 'ignore'
[0.770s] Level 1:colcon.colcon_core.package_identification:_identify(src/Universal_Robots_ROS2_Description) by extension 'ignore_ament_install'
[0.771s] Level 1:colcon.colcon_core.package_identification:_identify(src/Universal_Robots_ROS2_Description) by extensions ['colcon_pkg']
[0.771s] Level 1:colcon.colcon_core.package_identification:_identify(src/Universal_Robots_ROS2_Description) by extension 'colcon_pkg'
[0.771s] Level 1:colcon.colcon_core.package_identification:_identify(src/Universal_Robots_ROS2_Description) by extensions ['colcon_meta']
[0.771s] Level 1:colcon.colcon_core.package_identification:_identify(src/Universal_Robots_ROS2_Description) by extension 'colcon_meta'
[0.771s] Level 1:colcon.colcon_core.package_identification:_identify(src/Universal_Robots_ROS2_Description) by extensions ['ros']
[0.771s] Level 1:colcon.colcon_core.package_identification:_identify(src/Universal_Robots_ROS2_Description) by extension 'ros'
[0.776s] DEBUG:colcon.colcon_core.package_identification:Package 'src/Universal_Robots_ROS2_Description' with type 'ros.ament_cmake' and name 'ur_description'
[0.776s] Level 1:colcon.colcon_core.package_identification:_identify(src/Universal_Robots_ROS2_Driver) by extensions ['ignore', 'ignore_ament_install']
[0.776s] Level 1:colcon.colcon_core.package_identification:_identify(src/Universal_Robots_ROS2_Driver) by extension 'ignore'
[0.776s] Level 1:colcon.colcon_core.package_identification:_identify(src/Universal_Robots_ROS2_Driver) ignored
[0.777s] Level 1:colcon.colcon_core.package_identification:_identify(src/Universal_Robots_ROS2_GZ_Simulation) by extensions ['ignore', 'ignore_ament_install']
[0.777s] Level 1:colcon.colcon_core.package_identification:_identify(src/Universal_Robots_ROS2_GZ_Simulation) by extension 'ignore'
[0.777s] Level 1:colcon.colcon_core.package_identification:_identify(src/Universal_Robots_ROS2_GZ_Simulation) by extension 'ignore_ament_install'
[0.777s] Level 1:colcon.colcon_core.package_identification:_identify(src/Universal_Robots_ROS2_GZ_Simulation) by extensions ['colcon_pkg']
[0.777s] Level 1:colcon.colcon_core.package_identification:_identify(src/Universal_Robots_ROS2_GZ_Simulation) by extension 'colcon_pkg'
[0.781s] Level 1:colcon.colcon_core.package_identification:_identify(src/Universal_Robots_ROS2_GZ_Simulation) by extensions ['colcon_meta']
[0.782s] Level 1:colcon.colcon_core.package_identification:_identify(src/Universal_Robots_ROS2_GZ_Simulation) by extension 'colcon_meta'
[0.782s] Level 1:colcon.colcon_core.package_identification:_identify(src/Universal_Robots_ROS2_GZ_Simulation) by extensions ['ros']
[0.782s] Level 1:colcon.colcon_core.package_identification:_identify(src/Universal_Robots_ROS2_GZ_Simulation) by extension 'ros'
[0.782s] Level 1:colcon.colcon_core.package_identification:_identify(src/Universal_Robots_ROS2_GZ_Simulation) by extensions ['cmake', 'python']
[0.782s] Level 1:colcon.colcon_core.package_identification:_identify(src/Universal_Robots_ROS2_GZ_Simulation) by extension 'cmake'
[0.783s] Level 1:colcon.colcon_core.package_identification:_identify(src/Universal_Robots_ROS2_GZ_Simulation) by extension 'python'
[0.783s] Level 1:colcon.colcon_core.package_identification:_identify(src/Universal_Robots_ROS2_GZ_Simulation) by extensions ['python_setup_py']
[0.783s] Level 1:colcon.colcon_core.package_identification:_identify(src/Universal_Robots_ROS2_GZ_Simulation) by extension 'python_setup_py'
[0.783s] Level 1:colcon.colcon_core.package_identification:_identify(src/Universal_Robots_ROS2_GZ_Simulation/ur_simulation_gz) by extensions ['ignore', 'ignore_ament_install']
[0.783s] Level 1:colcon.colcon_core.package_identification:_identify(src/Universal_Robots_ROS2_GZ_Simulation/ur_simulation_gz) by extension 'ignore'
[0.783s] Level 1:colcon.colcon_core.package_identification:_identify(src/Universal_Robots_ROS2_GZ_Simulation/ur_simulation_gz) by extension 'ignore_ament_install'
[0.783s] Level 1:colcon.colcon_core.package_identification:_identify(src/Universal_Robots_ROS2_GZ_Simulation/ur_simulation_gz) by extensions ['colcon_pkg']
[0.783s] Level 1:colcon.colcon_core.package_identification:_identify(src/Universal_Robots_ROS2_GZ_Simulation/ur_simulation_gz) by extension 'colcon_pkg'
[0.783s] Level 1:colcon.colcon_core.package_identification:_identify(src/Universal_Robots_ROS2_GZ_Simulation/ur_simulation_gz) by extensions ['colcon_meta']
[0.783s] Level 1:colcon.colcon_core.package_identification:_identify(src/Universal_Robots_ROS2_GZ_Simulation/ur_simulation_gz) by extension 'colcon_meta'
[0.783s] Level 1:colcon.colcon_core.package_identification:_identify(src/Universal_Robots_ROS2_GZ_Simulation/ur_simulation_gz) by extensions ['ros']
[0.783s] Level 1:colcon.colcon_core.package_identification:_identify(src/Universal_Robots_ROS2_GZ_Simulation/ur_simulation_gz) by extension 'ros'
[0.785s] DEBUG:colcon.colcon_core.package_identification:Package 'src/Universal_Robots_ROS2_GZ_Simulation/ur_simulation_gz' with type 'ros.ament_cmake' and name 'ur_simulation_gz'
[0.785s] Level 1:colcon.colcon_core.package_identification:_identify(src/Universal_Robots_ROS2_Gazebo_Simulation) by extensions ['ignore', 'ignore_ament_install']
[0.785s] Level 1:colcon.colcon_core.package_identification:_identify(src/Universal_Robots_ROS2_Gazebo_Simulation) by extension 'ignore'
[0.786s] Level 1:colcon.colcon_core.package_identification:_identify(src/Universal_Robots_ROS2_Gazebo_Simulation) by extension 'ignore_ament_install'
[0.786s] Level 1:colcon.colcon_core.package_identification:_identify(src/Universal_Robots_ROS2_Gazebo_Simulation) by extensions ['colcon_pkg']
[0.786s] Level 1:colcon.colcon_core.package_identification:_identify(src/Universal_Robots_ROS2_Gazebo_Simulation) by extension 'colcon_pkg'
[0.786s] Level 1:colcon.colcon_core.package_identification:_identify(src/Universal_Robots_ROS2_Gazebo_Simulation) by extensions ['colcon_meta']
[0.786s] Level 1:colcon.colcon_core.package_identification:_identify(src/Universal_Robots_ROS2_Gazebo_Simulation) by extension 'colcon_meta'
[0.786s] Level 1:colcon.colcon_core.package_identification:_identify(src/Universal_Robots_ROS2_Gazebo_Simulation) by extensions ['ros']
[0.786s] Level 1:colcon.colcon_core.package_identification:_identify(src/Universal_Robots_ROS2_Gazebo_Simulation) by extension 'ros'
[0.786s] Level 1:colcon.colcon_core.package_identification:_identify(src/Universal_Robots_ROS2_Gazebo_Simulation) by extensions ['cmake', 'python']
[0.786s] Level 1:colcon.colcon_core.package_identification:_identify(src/Universal_Robots_ROS2_Gazebo_Simulation) by extension 'cmake'
[0.786s] Level 1:colcon.colcon_core.package_identification:_identify(src/Universal_Robots_ROS2_Gazebo_Simulation) by extension 'python'
[0.787s] Level 1:colcon.colcon_core.package_identification:_identify(src/Universal_Robots_ROS2_Gazebo_Simulation) by extensions ['python_setup_py']
[0.787s] Level 1:colcon.colcon_core.package_identification:_identify(src/Universal_Robots_ROS2_Gazebo_Simulation) by extension 'python_setup_py'
[0.787s] Level 1:colcon.colcon_core.package_identification:_identify(src/Universal_Robots_ROS2_Gazebo_Simulation/ur_simulation_gazebo) by extensions ['ignore', 'ignore_ament_install']
[0.787s] Level 1:colcon.colcon_core.package_identification:_identify(src/Universal_Robots_ROS2_Gazebo_Simulation/ur_simulation_gazebo) by extension 'ignore'
[0.787s] Level 1:colcon.colcon_core.package_identification:_identify(src/Universal_Robots_ROS2_Gazebo_Simulation/ur_simulation_gazebo) by extension 'ignore_ament_install'
[0.787s] Level 1:colcon.colcon_core.package_identification:_identify(src/Universal_Robots_ROS2_Gazebo_Simulation/ur_simulation_gazebo) by extensions ['colcon_pkg']
[0.787s] Level 1:colcon.colcon_core.package_identification:_identify(src/Universal_Robots_ROS2_Gazebo_Simulation/ur_simulation_gazebo) by extension 'colcon_pkg'
[0.787s] Level 1:colcon.colcon_core.package_identification:_identify(src/Universal_Robots_ROS2_Gazebo_Simulation/ur_simulation_gazebo) by extensions ['colcon_meta']
[0.787s] Level 1:colcon.colcon_core.package_identification:_identify(src/Universal_Robots_ROS2_Gazebo_Simulation/ur_simulation_gazebo) by extension 'colcon_meta'
[0.787s] Level 1:colcon.colcon_core.package_identification:_identify(src/Universal_Robots_ROS2_Gazebo_Simulation/ur_simulation_gazebo) by extensions ['ros']
[0.787s] Level 1:colcon.colcon_core.package_identification:_identify(src/Universal_Robots_ROS2_Gazebo_Simulation/ur_simulation_gazebo) by extension 'ros'
[0.788s] DEBUG:colcon.colcon_core.package_identification:Package 'src/Universal_Robots_ROS2_Gazebo_Simulation/ur_simulation_gazebo' with type 'ros.ament_cmake' and name 'ur_simulation_gazebo'
[0.788s] Level 1:colcon.colcon_core.package_identification:_identify(src/__pycache__) by extensions ['ignore', 'ignore_ament_install']
[0.789s] Level 1:colcon.colcon_core.package_identification:_identify(src/__pycache__) by extension 'ignore'
[0.789s] Level 1:colcon.colcon_core.package_identification:_identify(src/__pycache__) by extension 'ignore_ament_install'
[0.789s] Level 1:colcon.colcon_core.package_identification:_identify(src/__pycache__) by extensions ['colcon_pkg']
[0.789s] Level 1:colcon.colcon_core.package_identification:_identify(src/__pycache__) by extension 'colcon_pkg'
[0.789s] Level 1:colcon.colcon_core.package_identification:_identify(src/__pycache__) by extensions ['colcon_meta']
[0.789s] Level 1:colcon.colcon_core.package_identification:_identify(src/__pycache__) by extension 'colcon_meta'
[0.789s] Level 1:colcon.colcon_core.package_identification:_identify(src/__pycache__) by extensions ['ros']
[0.789s] Level 1:colcon.colcon_core.package_identification:_identify(src/__pycache__) by extension 'ros'
[0.789s] Level 1:colcon.colcon_core.package_identification:_identify(src/__pycache__) by extensions ['cmake', 'python']
[0.789s] Level 1:colcon.colcon_core.package_identification:_identify(src/__pycache__) by extension 'cmake'
[0.789s] Level 1:colcon.colcon_core.package_identification:_identify(src/__pycache__) by extension 'python'
[0.789s] Level 1:colcon.colcon_core.package_identification:_identify(src/__pycache__) by extensions ['python_setup_py']
[0.789s] Level 1:colcon.colcon_core.package_identification:_identify(src/__pycache__) by extension 'python_setup_py'
[0.789s] Level 1:colcon.colcon_core.package_identification:_identify(src/semantic_scavenger) by extensions ['ignore', 'ignore_ament_install']
[0.790s] Level 1:colcon.colcon_core.package_identification:_identify(src/semantic_scavenger) by extension 'ignore'
[0.790s] Level 1:colcon.colcon_core.package_identification:_identify(src/semantic_scavenger) by extension 'ignore_ament_install'
[0.790s] Level 1:colcon.colcon_core.package_identification:_identify(src/semantic_scavenger) by extensions ['colcon_pkg']
[0.790s] Level 1:colcon.colcon_core.package_identification:_identify(src/semantic_scavenger) by extension 'colcon_pkg'
[0.790s] Level 1:colcon.colcon_core.package_identification:_identify(src/semantic_scavenger) by extensions ['colcon_meta']
[0.790s] Level 1:colcon.colcon_core.package_identification:_identify(src/semantic_scavenger) by extension 'colcon_meta'
[0.790s] Level 1:colcon.colcon_core.package_identification:_identify(src/semantic_scavenger) by extensions ['ros']
[0.790s] Level 1:colcon.colcon_core.package_identification:_identify(src/semantic_scavenger) by extension 'ros'
[0.791s] DEBUG:colcon.colcon_core.package_identification:Package 'src/semantic_scavenger' with type 'ros.ament_python' and name 'semantic_scavenger'
[0.791s] Level 1:colcon.colcon_core.package_discovery:discover_packages(recursive) using defaults
[0.791s] Level 1:colcon.colcon_core.package_discovery:discover_packages(ignore) discover
[0.791s] Level 1:colcon.colcon_core.package_discovery:discover_packages(ignore) using defaults
[0.791s] Level 1:colcon.colcon_core.package_discovery:discover_packages(path) discover
[0.791s] Level 1:colcon.colcon_core.package_discovery:discover_packages(path) using defaults
[0.850s] INFO:colcon.colcon_core.package_selection:Skipping not selected package 'ur_description' in 'src/Universal_Robots_ROS2_Description'
[0.850s] INFO:colcon.colcon_core.package_selection:Skipping not selected package 'ur_simulation_gazebo' in 'src/Universal_Robots_ROS2_Gazebo_Simulation/ur_simulation_gazebo'
[0.850s] INFO:colcon.colcon_core.package_selection:Skipping not selected package 'ur_simulation_gz' in 'src/Universal_Robots_ROS2_GZ_Simulation/ur_simulation_gz'
[0.851s] Level 1:colcon.colcon_core.package_discovery:discover_packages(prefix_path) check parameters
[0.851s] Level 1:colcon.colcon_core.package_discovery:discover_packages(prefix_path) discover
[0.854s] DEBUG:colcon.colcon_installed_package_information.package_discovery:Found 4 installed packages in /home/saia/Semantic_Scavenger_ws/install
[0.855s] DEBUG:colcon.colcon_installed_package_information.package_discovery:Found 5 installed packages in /home/saia/LyAT_ws/install
[0.858s] DEBUG:colcon.colcon_installed_package_information.package_discovery:Found 407 installed packages in /opt/ros/jazzy
[0.863s] Level 1:colcon.colcon_core.package_discovery:discover_packages(prefix_path) using defaults
[1.020s] Level 5:colcon.colcon_core.verb:set package 'semantic_scavenger' build argument 'cmake_args' from command line to 'None'
[1.020s] Level 5:colcon.colcon_core.verb:set package 'semantic_scavenger' build argument 'cmake_target' from command line to 'None'
[1.020s] Level 5:colcon.colcon_core.verb:set package 'semantic_scavenger' build argument 'cmake_target_skip_unavailable' from command line to 'False'
[1.020s] Level 5:colcon.colcon_core.verb:set package 'semantic_scavenger' build argument 'cmake_clean_cache' from command line to 'False'
[1.020s] Level 5:colcon.colcon_core.verb:set package 'semantic_scavenger' build argument 'cmake_clean_first' from command line to 'False'
[1.020s] Level 5:colcon.colcon_core.verb:set package 'semantic_scavenger' build argument 'cmake_force_configure' from command line to 'False'
[1.024s] Level 5:colcon.colcon_core.verb:set package 'semantic_scavenger' build argument 'ament_cmake_args' from command line to 'None'
[1.024s] Level 5:colcon.colcon_core.verb:set package 'semantic_scavenger' build argument 'catkin_cmake_args' from command line to 'None'
[1.024s] Level 5:colcon.colcon_core.verb:set package 'semantic_scavenger' build argument 'catkin_skip_building_tests' from command line to 'False'
[1.024s] DEBUG:colcon.colcon_core.verb:Building package 'semantic_scavenger' with the following arguments: {'ament_cmake_args': None, 'build_base': '/home/saia/Semantic_Scavenger_ws/build/semantic_scavenger', 'catkin_cmake_args': None, 'catkin_skip_building_tests': False, 'cmake_args': None, 'cmake_clean_cache': False, 'cmake_clean_first': False, 'cmake_force_configure': False, 'cmake_target': None, 'cmake_target_skip_unavailable': False, 'install_base': '/home/saia/Semantic_Scavenger_ws/install/semantic_scavenger', 'merge_install': False, 'path': '/home/saia/Semantic_Scavenger_ws/src/semantic_scavenger', 'symlink_install': False, 'test_result_base': None}
[1.025s] INFO:colcon.colcon_core.executor:Executing jobs using 'parallel' executor
[1.027s] DEBUG:colcon.colcon_parallel_executor.executor.parallel:run_until_complete
[1.027s] INFO:colcon.colcon_ros.task.ament_python.build:Building ROS package in '/home/saia/Semantic_Scavenger_ws/src/semantic_scavenger' with build type 'ament_python'
[1.028s] Level 1:colcon.colcon_core.shell:create_environment_hook('semantic_scavenger', 'ament_prefix_path')
[1.034s] INFO:colcon.colcon_core.plugin_system:Skipping extension 'colcon_core.shell.bat': Not used on non-Windows systems
[1.034s] INFO:colcon.colcon_core.shell:Creating environment hook '/home/saia/Semantic_Scavenger_ws/install/semantic_scavenger/share/semantic_scavenger/hook/ament_prefix_path.ps1'
[1.038s] INFO:colcon.colcon_core.shell:Creating environment descriptor '/home/saia/Semantic_Scavenger_ws/install/semantic_scavenger/share/semantic_scavenger/hook/ament_prefix_path.dsv'
[1.039s] INFO:colcon.colcon_core.shell:Creating environment hook '/home/saia/Semantic_Scavenger_ws/install/semantic_scavenger/share/semantic_scavenger/hook/ament_prefix_path.sh'
[1.040s] INFO:colcon.colcon_core.shell:Skip shell extension 'powershell' for command environment: Not usable outside of PowerShell
[1.040s] DEBUG:colcon.colcon_core.shell:Skip shell extension 'dsv' for command environment
[1.710s] INFO:colcon.colcon_core.task.python.build:Building Python package in '/home/saia/Semantic_Scavenger_ws/src/semantic_scavenger'
[1.711s] INFO:colcon.colcon_core.shell:Skip shell extension 'powershell' for command environment: Not usable outside of PowerShell
[1.711s] DEBUG:colcon.colcon_core.shell:Skip shell extension 'dsv' for command environment
[3.398s] DEBUG:colcon.colcon_core.event_handler.log_command:Invoking command in '/home/saia/Semantic_Scavenger_ws/src/semantic_scavenger': DEBUGINFOD_URLS=https://debuginfod.ubuntu.com PYTHONPATH=/home/saia/Semantic_Scavenger_ws/build/semantic_scavenger/prefix_override:/usr/lib/python3/dist-packages/colcon_core/task/python/colcon_distutils_commands:/home/saia/Semantic_Scavenger_ws/install/semantic_scavenger/lib/python3.12/site-packages:${PYTHONPATH} /usr/bin/python3 -W ignore:setup.py install is deprecated -W ignore:easy_install command is deprecated setup.py egg_info --egg-base ../../build/semantic_scavenger build --build-base /home/saia/Semantic_Scavenger_ws/build/semantic_scavenger/build install --record /home/saia/Semantic_Scavenger_ws/build/semantic_scavenger/install.log --single-version-externally-managed install_data
[5.052s] DEBUG:colcon.colcon_core.event_handler.log_command:Invoked command in '/home/saia/Semantic_Scavenger_ws/src/semantic_scavenger' returned '0': DEBUGINFOD_URLS=https://debuginfod.ubuntu.com PYTHONPATH=/home/saia/Semantic_Scavenger_ws/build/semantic_scavenger/prefix_override:/usr/lib/python3/dist-packages/colcon_core/task/python/colcon_distutils_commands:/home/saia/Semantic_Scavenger_ws/install/semantic_scavenger/lib/python3.12/site-packages:${PYTHONPATH} /usr/bin/python3 -W ignore:setup.py install is deprecated -W ignore:easy_install command is deprecated setup.py egg_info --egg-base ../../build/semantic_scavenger build --build-base /home/saia/Semantic_Scavenger_ws/build/semantic_scavenger/build install --record /home/saia/Semantic_Scavenger_ws/build/semantic_scavenger/install.log --single-version-externally-managed install_data
[5.057s] Level 1:colcon.colcon_core.environment:checking '/home/saia/Semantic_Scavenger_ws/install/semantic_scavenger' for CMake module files
[5.058s] Level 1:colcon.colcon_core.environment:checking '/home/saia/Semantic_Scavenger_ws/install/semantic_scavenger' for CMake config files
[5.060s] Level 1:colcon.colcon_core.environment:checking '/home/saia/Semantic_Scavenger_ws/install/semantic_scavenger/lib'
[5.060s] Level 1:colcon.colcon_core.environment:checking '/home/saia/Semantic_Scavenger_ws/install/semantic_scavenger/bin'
[5.060s] Level 1:colcon.colcon_core.shell:create_environment_hook('semantic_scavenger', 'path')
[5.061s] INFO:colcon.colcon_core.shell:Creating environment hook '/home/saia/Semantic_Scavenger_ws/install/semantic_scavenger/share/semantic_scavenger/hook/path.ps1'
[5.071s] INFO:colcon.colcon_core.shell:Creating environment descriptor '/home/saia/Semantic_Scavenger_ws/install/semantic_scavenger/share/semantic_scavenger/hook/path.dsv'
[5.073s] INFO:colcon.colcon_core.shell:Creating environment hook '/home/saia/Semantic_Scavenger_ws/install/semantic_scavenger/share/semantic_scavenger/hook/path.sh'
[5.074s] Level 1:colcon.colcon_core.environment:checking '/home/saia/Semantic_Scavenger_ws/install/semantic_scavenger/lib/pkgconfig/semantic_scavenger.pc'
[5.075s] Level 1:colcon.colcon_core.environment:checking '/home/saia/Semantic_Scavenger_ws/install/semantic_scavenger/lib/python3.12/site-packages'
[5.075s] Level 1:colcon.colcon_core.shell:create_environment_hook('semantic_scavenger', 'pythonpath')
[5.075s] INFO:colcon.colcon_core.shell:Creating environment hook '/home/saia/Semantic_Scavenger_ws/install/semantic_scavenger/share/semantic_scavenger/hook/pythonpath.ps1'
[5.076s] INFO:colcon.colcon_core.shell:Creating environment descriptor '/home/saia/Semantic_Scavenger_ws/install/semantic_scavenger/share/semantic_scavenger/hook/pythonpath.dsv'
[5.077s] INFO:colcon.colcon_core.shell:Creating environment hook '/home/saia/Semantic_Scavenger_ws/install/semantic_scavenger/share/semantic_scavenger/hook/pythonpath.sh'
[5.082s] Level 1:colcon.colcon_core.environment:checking '/home/saia/Semantic_Scavenger_ws/install/semantic_scavenger/bin'
[5.082s] Level 1:colcon.colcon_core.shell:create_environment_hook('semantic_scavenger', 'pythonscriptspath')
[5.083s] INFO:colcon.colcon_core.shell:Creating environment hook '/home/saia/Semantic_Scavenger_ws/install/semantic_scavenger/share/semantic_scavenger/hook/pythonscriptspath.ps1'
[5.084s] INFO:colcon.colcon_core.shell:Creating environment descriptor '/home/saia/Semantic_Scavenger_ws/install/semantic_scavenger/share/semantic_scavenger/hook/pythonscriptspath.dsv'
[5.085s] INFO:colcon.colcon_core.shell:Creating environment hook '/home/saia/Semantic_Scavenger_ws/install/semantic_scavenger/share/semantic_scavenger/hook/pythonscriptspath.sh'
[5.087s] Level 1:colcon.colcon_core.environment:create_environment_scripts_only(semantic_scavenger)
[5.088s] INFO:colcon.colcon_core.shell:Creating package script '/home/saia/Semantic_Scavenger_ws/install/semantic_scavenger/share/semantic_scavenger/package.ps1'
[5.090s] INFO:colcon.colcon_core.shell:Creating package descriptor '/home/saia/Semantic_Scavenger_ws/install/semantic_scavenger/share/semantic_scavenger/package.dsv'
[5.091s] INFO:colcon.colcon_core.shell:Creating package script '/home/saia/Semantic_Scavenger_ws/install/semantic_scavenger/share/semantic_scavenger/package.sh'
[5.093s] INFO:colcon.colcon_core.shell:Creating package script '/home/saia/Semantic_Scavenger_ws/install/semantic_scavenger/share/semantic_scavenger/package.bash'
[5.094s] INFO:colcon.colcon_core.shell:Creating package script '/home/saia/Semantic_Scavenger_ws/install/semantic_scavenger/share/semantic_scavenger/package.zsh'
[5.095s] Level 1:colcon.colcon_core.environment:create_file_with_runtime_dependencies(/home/saia/Semantic_Scavenger_ws/install/semantic_scavenger/share/colcon-core/packages/semantic_scavenger)
[5.095s] DEBUG:colcon.colcon_parallel_executor.executor.parallel:closing loop
[5.096s] DEBUG:colcon.colcon_parallel_executor.executor.parallel:loop closed
[5.096s] DEBUG:colcon.colcon_parallel_executor.executor.parallel:run_until_complete finished with '0'
[5.096s] DEBUG:colcon.colcon_core.event_reactor:joining thread
[5.268s] INFO:colcon.colcon_core.plugin_system:Skipping extension 'colcon_notification.desktop_notification.notify_send': Could not find 'notify-send'
[5.268s] INFO:colcon.colcon_core.plugin_system:Skipping extension 'colcon_notification.desktop_notification.terminal_notifier': Not used on non-Darwin systems
[5.268s] INFO:colcon.colcon_core.plugin_system:Skipping extension 'colcon_notification.desktop_notification.win32': Not used on non-Windows systems
[5.269s] INFO:colcon.colcon_notification.desktop_notification:Sending desktop notification using 'notify2'
[5.272s] DEBUG:colcon.colcon_notification.desktop_notification.notify2:Failed to initialize notify2: org.freedesktop.DBus.Error.ServiceUnknown: The name org.freedesktop.Notifications was not provided by any .service files
[5.272s] DEBUG:colcon.colcon_core.event_reactor:joined thread
[5.272s] INFO:colcon.colcon_core.shell:Creating prefix script '/home/saia/Semantic_Scavenger_ws/install/local_setup.ps1'
[5.274s] INFO:colcon.colcon_core.shell:Creating prefix util module '/home/saia/Semantic_Scavenger_ws/install/_local_setup_util_ps1.py'
[5.277s] INFO:colcon.colcon_core.shell:Creating prefix chain script '/home/saia/Semantic_Scavenger_ws/install/setup.ps1'
[5.281s] INFO:colcon.colcon_core.shell:Creating prefix script '/home/saia/Semantic_Scavenger_ws/install/local_setup.sh'
[5.282s] INFO:colcon.colcon_core.shell:Creating prefix util module '/home/saia/Semantic_Scavenger_ws/install/_local_setup_util_sh.py'
[5.283s] INFO:colcon.colcon_core.shell:Creating prefix chain script '/home/saia/Semantic_Scavenger_ws/install/setup.sh'
[5.285s] INFO:colcon.colcon_core.shell:Creating prefix script '/home/saia/Semantic_Scavenger_ws/install/local_setup.bash'
[5.286s] INFO:colcon.colcon_core.shell:Creating prefix chain script '/home/saia/Semantic_Scavenger_ws/install/setup.bash'
[5.289s] INFO:colcon.colcon_core.shell:Creating prefix script '/home/saia/Semantic_Scavenger_ws/install/local_setup.zsh'
[5.290s] INFO:colcon.colcon_core.shell:Creating prefix chain script '/home/saia/Semantic_Scavenger_ws/install/setup.zsh'
