[0.614s] DEBUG:colcon:Command line arguments: ['/usr/bin/colcon', 'build', '--packages-select', 'semantic_scavenger']
[0.615s] DEBUG:colcon:Parsed command line arguments: Namespace(log_base=None, log_level=None, verb_name='build', build_base='build', install_base='install', merge_install=False, symlink_install=False, test_result_base=None, continue_on_error=False, executor='parallel', parallel_workers=8, event_handlers=None, ignore_user_meta=False, metas=['./colcon.meta'], base_paths=['.'], packages_ignore=None, packages_ignore_regex=None, paths=None, packages_up_to=None, packages_up_to_regex=None, packages_above=None, packages_above_and_dependencies=None, packages_above_depth=None, packages_select_by_dep=None, packages_skip_by_dep=None, packages_skip_up_to=None, packages_select_build_failed=False, packages_skip_build_finished=False, packages_select_test_failures=False, packages_skip_test_passed=False, packages_select=['semantic_scavenger'], packages_skip=None, packages_select_regex=None, packages_skip_regex=None, packages_start=None, packages_end=None, allow_overriding=[], cmake_args=None, cmake_target=None, cmake_target_skip_unavailable=False, cmake_clean_cache=False, cmake_clean_first=False, cmake_force_configure=False, ament_cmake_args=None, catkin_cmake_args=None, catkin_skip_building_tests=False, verb_parser=<colcon_defaults.argument_parser.defaults.DefaultArgumentsDecorator object at 0x7660586796d0>, verb_extension=<colcon_core.verb.build.BuildVerb object at 0x7660587a6450>, main=<bound method BuildVerb.main of <colcon_core.verb.build.BuildVerb object at 0x7660587a6450>>)
[0.716s] Level 1:colcon.colcon_core.package_discovery:discover_packages(colcon_meta) check parameters
[0.716s] Level 1:colcon.colcon_core.package_discovery:discover_packages(recursive) check parameters
[0.716s] Level 1:colcon.colcon_core.package_discovery:discover_packages(ignore) check parameters
[0.716s] Level 1:colcon.colcon_core.package_discovery:discover_packages(path) check parameters
[0.716s] Level 1:colcon.colcon_core.package_discovery:discover_packages(colcon_meta) discover
[0.717s] Level 1:colcon.colcon_core.package_discovery:discover_packages(recursive) discover
[0.717s] INFO:colcon.colcon_core.package_discovery:Crawling recursively for packages in '/home/saia/Semantic_Scavenger_ws'
[0.717s] Level 1:colcon.colcon_core.package_identification:_identify(.) by extensions ['ignore', 'ignore_ament_install']
[0.717s] Level 1:colcon.colcon_core.package_identification:_identify(.) by extension 'ignore'
[0.717s] Level 1:colcon.colcon_core.package_identification:_identify(.) by extension 'ignore_ament_install'
[0.717s] Level 1:colcon.colcon_core.package_identification:_identify(.) by extensions ['colcon_pkg']
[0.717s] Level 1:colcon.colcon_core.package_identification:_identify(.) by extension 'colcon_pkg'
[0.717s] Level 1:colcon.colcon_core.package_identification:_identify(.) by extensions ['colcon_meta']
[0.717s] Level 1:colcon.colcon_core.package_identification:_identify(.) by extension 'colcon_meta'
[0.718s] Level 1:colcon.colcon_core.package_identification:_identify(.) by extensions ['ros']
[0.718s] Level 1:colcon.colcon_core.package_identification:_identify(.) by extension 'ros'
[0.780s] Level 1:colcon.colcon_core.package_identification:_identify(.) by extensions ['cmake', 'python']
[0.780s] Level 1:colcon.colcon_core.package_identification:_identify(.) by extension 'cmake'
[0.780s] Level 1:colcon.colcon_core.package_identification:_identify(.) by extension 'python'
[0.780s] Level 1:colcon.colcon_core.package_identification:_identify(.) by extensions ['python_setup_py']
[0.780s] Level 1:colcon.colcon_core.package_identification:_identify(.) by extension 'python_setup_py'
[0.781s] Level 1:colcon.colcon_core.package_identification:_identify(build) by extensions ['ignore', 'ignore_ament_install']
[0.781s] Level 1:colcon.colcon_core.package_identification:_identify(build) by extension 'ignore'
[0.781s] Level 1:colcon.colcon_core.package_identification:_identify(build) ignored
[0.781s] Level 1:colcon.colcon_core.package_identification:_identify(install) by extensions ['ignore', 'ignore_ament_install']
[0.781s] Level 1:colcon.colcon_core.package_identification:_identify(install) by extension 'ignore'
[0.781s] Level 1:colcon.colcon_core.package_identification:_identify(install) ignored
[0.782s] Level 1:colcon.colcon_core.package_identification:_identify(log) by extensions ['ignore', 'ignore_ament_install']
[0.782s] Level 1:colcon.colcon_core.package_identification:_identify(log) by extension 'ignore'
[0.782s] Level 1:colcon.colcon_core.package_identification:_identify(log) ignored
[0.782s] Level 1:colcon.colcon_core.package_identification:_identify(src) by extensions ['ignore', 'ignore_ament_install']
[0.782s] Level 1:colcon.colcon_core.package_identification:_identify(src) by extension 'ignore'
[0.782s] Level 1:colcon.colcon_core.package_identification:_identify(src) by extension 'ignore_ament_install'
[0.782s] Level 1:colcon.colcon_core.package_identification:_identify(src) by extensions ['colcon_pkg']
[0.782s] Level 1:colcon.colcon_core.package_identification:_identify(src) by extension 'colcon_pkg'
[0.782s] Level 1:colcon.colcon_core.package_identification:_identify(src) by extensions ['colcon_meta']
[0.782s] Level 1:colcon.colcon_core.package_identification:_identify(src) by extension 'colcon_meta'
[0.782s] Level 1:colcon.colcon_core.package_identification:_identify(src) by extensions ['ros']
[0.782s] Level 1:colcon.colcon_core.package_identification:_identify(src) by extension 'ros'
[0.783s] Level 1:colcon.colcon_core.package_identification:_identify(src) by extensions ['cmake', 'python']
[0.783s] Level 1:colcon.colcon_core.package_identification:_identify(src) by extension 'cmake'
[0.783s] Level 1:colcon.colcon_core.package_identification:_identify(src) by extension 'python'
[0.783s] Level 1:colcon.colcon_core.package_identification:_identify(src) by extensions ['python_setup_py']
[0.783s] Level 1:colcon.colcon_core.package_identification:_identify(src) by extension 'python_setup_py'
[0.783s] Level 1:colcon.colcon_core.package_identification:_identify(src/Universal_Robots_ROS2_Description) by extensions ['ignore', 'ignore_ament_install']
[0.783s] Level 1:colcon.colcon_core.package_identification:_identify(src/Universal_Robots_ROS2_Description) by extension 'ignore'
[0.783s] Level 1:colcon.colcon_core.package_identification:_identify(src/Universal_Robots_ROS2_Description) by extension 'ignore_ament_install'
[0.783s] Level 1:colcon.colcon_core.package_identification:_identify(src/Universal_Robots_ROS2_Description) by extensions ['colcon_pkg']
[0.783s] Level 1:colcon.colcon_core.package_identification:_identify(src/Universal_Robots_ROS2_Description) by extension 'colcon_pkg'
[0.783s] Level 1:colcon.colcon_core.package_identification:_identify(src/Universal_Robots_ROS2_Description) by extensions ['colcon_meta']
[0.783s] Level 1:colcon.colcon_core.package_identification:_identify(src/Universal_Robots_ROS2_Description) by extension 'colcon_meta'
[0.783s] Level 1:colcon.colcon_core.package_identification:_identify(src/Universal_Robots_ROS2_Description) by extensions ['ros']
[0.784s] Level 1:colcon.colcon_core.package_identification:_identify(src/Universal_Robots_ROS2_Description) by extension 'ros'
[0.790s] DEBUG:colcon.colcon_core.package_identification:Package 'src/Universal_Robots_ROS2_Description' with type 'ros.ament_cmake' and name 'ur_description'
[0.790s] Level 1:colcon.colcon_core.package_identification:_identify(src/Universal_Robots_ROS2_Driver) by extensions ['ignore', 'ignore_ament_install']
[0.790s] Level 1:colcon.colcon_core.package_identification:_identify(src/Universal_Robots_ROS2_Driver) by extension 'ignore'
[0.790s] Level 1:colcon.colcon_core.package_identification:_identify(src/Universal_Robots_ROS2_Driver) ignored
[0.791s] Level 1:colcon.colcon_core.package_identification:_identify(src/Universal_Robots_ROS2_GZ_Simulation) by extensions ['ignore', 'ignore_ament_install']
[0.791s] Level 1:colcon.colcon_core.package_identification:_identify(src/Universal_Robots_ROS2_GZ_Simulation) by extension 'ignore'
[0.791s] Level 1:colcon.colcon_core.package_identification:_identify(src/Universal_Robots_ROS2_GZ_Simulation) by extension 'ignore_ament_install'
[0.791s] Level 1:colcon.colcon_core.package_identification:_identify(src/Universal_Robots_ROS2_GZ_Simulation) by extensions ['colcon_pkg']
[0.791s] Level 1:colcon.colcon_core.package_identification:_identify(src/Universal_Robots_ROS2_GZ_Simulation) by extension 'colcon_pkg'
[0.791s] Level 1:colcon.colcon_core.package_identification:_identify(src/Universal_Robots_ROS2_GZ_Simulation) by extensions ['colcon_meta']
[0.791s] Level 1:colcon.colcon_core.package_identification:_identify(src/Universal_Robots_ROS2_GZ_Simulation) by extension 'colcon_meta'
[0.791s] Level 1:colcon.colcon_core.package_identification:_identify(src/Universal_Robots_ROS2_GZ_Simulation) by extensions ['ros']
[0.791s] Level 1:colcon.colcon_core.package_identification:_identify(src/Universal_Robots_ROS2_GZ_Simulation) by extension 'ros'
[0.792s] Level 1:colcon.colcon_core.package_identification:_identify(src/Universal_Robots_ROS2_GZ_Simulation) by extensions ['cmake', 'python']
[0.792s] Level 1:colcon.colcon_core.package_identification:_identify(src/Universal_Robots_ROS2_GZ_Simulation) by extension 'cmake'
[0.792s] Level 1:colcon.colcon_core.package_identification:_identify(src/Universal_Robots_ROS2_GZ_Simulation) by extension 'python'
[0.792s] Level 1:colcon.colcon_core.package_identification:_identify(src/Universal_Robots_ROS2_GZ_Simulation) by extensions ['python_setup_py']
[0.792s] Level 1:colcon.colcon_core.package_identification:_identify(src/Universal_Robots_ROS2_GZ_Simulation) by extension 'python_setup_py'
[0.792s] Level 1:colcon.colcon_core.package_identification:_identify(src/Universal_Robots_ROS2_GZ_Simulation/ur_simulation_gz) by extensions ['ignore', 'ignore_ament_install']
[0.792s] Level 1:colcon.colcon_core.package_identification:_identify(src/Universal_Robots_ROS2_GZ_Simulation/ur_simulation_gz) by extension 'ignore'
[0.792s] Level 1:colcon.colcon_core.package_identification:_identify(src/Universal_Robots_ROS2_GZ_Simulation/ur_simulation_gz) by extension 'ignore_ament_install'
[0.792s] Level 1:colcon.colcon_core.package_identification:_identify(src/Universal_Robots_ROS2_GZ_Simulation/ur_simulation_gz) by extensions ['colcon_pkg']
[0.792s] Level 1:colcon.colcon_core.package_identification:_identify(src/Universal_Robots_ROS2_GZ_Simulation/ur_simulation_gz) by extension 'colcon_pkg'
[0.792s] Level 1:colcon.colcon_core.package_identification:_identify(src/Universal_Robots_ROS2_GZ_Simulation/ur_simulation_gz) by extensions ['colcon_meta']
[0.792s] Level 1:colcon.colcon_core.package_identification:_identify(src/Universal_Robots_ROS2_GZ_Simulation/ur_simulation_gz) by extension 'colcon_meta'
[0.793s] Level 1:colcon.colcon_core.package_identification:_identify(src/Universal_Robots_ROS2_GZ_Simulation/ur_simulation_gz) by extensions ['ros']
[0.793s] Level 1:colcon.colcon_core.package_identification:_identify(src/Universal_Robots_ROS2_GZ_Simulation/ur_simulation_gz) by extension 'ros'
[0.794s] DEBUG:colcon.colcon_core.package_identification:Package 'src/Universal_Robots_ROS2_GZ_Simulation/ur_simulation_gz' with type 'ros.ament_cmake' and name 'ur_simulation_gz'
[0.794s] Level 1:colcon.colcon_core.package_identification:_identify(src/Universal_Robots_ROS2_Gazebo_Simulation) by extensions ['ignore', 'ignore_ament_install']
[0.795s] Level 1:colcon.colcon_core.package_identification:_identify(src/Universal_Robots_ROS2_Gazebo_Simulation) by extension 'ignore'
[0.795s] Level 1:colcon.colcon_core.package_identification:_identify(src/Universal_Robots_ROS2_Gazebo_Simulation) by extension 'ignore_ament_install'
[0.795s] Level 1:colcon.colcon_core.package_identification:_identify(src/Universal_Robots_ROS2_Gazebo_Simulation) by extensions ['colcon_pkg']
[0.795s] Level 1:colcon.colcon_core.package_identification:_identify(src/Universal_Robots_ROS2_Gazebo_Simulation) by extension 'colcon_pkg'
[0.795s] Level 1:colcon.colcon_core.package_identification:_identify(src/Universal_Robots_ROS2_Gazebo_Simulation) by extensions ['colcon_meta']
[0.795s] Level 1:colcon.colcon_core.package_identification:_identify(src/Universal_Robots_ROS2_Gazebo_Simulation) by extension 'colcon_meta'
[0.795s] Level 1:colcon.colcon_core.package_identification:_identify(src/Universal_Robots_ROS2_Gazebo_Simulation) by extensions ['ros']
[0.795s] Level 1:colcon.colcon_core.package_identification:_identify(src/Universal_Robots_ROS2_Gazebo_Simulation) by extension 'ros'
[0.796s] Level 1:colcon.colcon_core.package_identification:_identify(src/Universal_Robots_ROS2_Gazebo_Simulation) by extensions ['cmake', 'python']
[0.796s] Level 1:colcon.colcon_core.package_identification:_identify(src/Universal_Robots_ROS2_Gazebo_Simulation) by extension 'cmake'
[0.796s] Level 1:colcon.colcon_core.package_identification:_identify(src/Universal_Robots_ROS2_Gazebo_Simulation) by extension 'python'
[0.796s] Level 1:colcon.colcon_core.package_identification:_identify(src/Universal_Robots_ROS2_Gazebo_Simulation) by extensions ['python_setup_py']
[0.796s] Level 1:colcon.colcon_core.package_identification:_identify(src/Universal_Robots_ROS2_Gazebo_Simulation) by extension 'python_setup_py'
[0.796s] Level 1:colcon.colcon_core.package_identification:_identify(src/Universal_Robots_ROS2_Gazebo_Simulation/ur_simulation_gazebo) by extensions ['ignore', 'ignore_ament_install']
[0.796s] Level 1:colcon.colcon_core.package_identification:_identify(src/Universal_Robots_ROS2_Gazebo_Simulation/ur_simulation_gazebo) by extension 'ignore'
[0.796s] Level 1:colcon.colcon_core.package_identification:_identify(src/Universal_Robots_ROS2_Gazebo_Simulation/ur_simulation_gazebo) by extension 'ignore_ament_install'
[0.797s] Level 1:colcon.colcon_core.package_identification:_identify(src/Universal_Robots_ROS2_Gazebo_Simulation/ur_simulation_gazebo) by extensions ['colcon_pkg']
[0.797s] Level 1:colcon.colcon_core.package_identification:_identify(src/Universal_Robots_ROS2_Gazebo_Simulation/ur_simulation_gazebo) by extension 'colcon_pkg'
[0.797s] Level 1:colcon.colcon_core.package_identification:_identify(src/Universal_Robots_ROS2_Gazebo_Simulation/ur_simulation_gazebo) by extensions ['colcon_meta']
[0.797s] Level 1:colcon.colcon_core.package_identification:_identify(src/Universal_Robots_ROS2_Gazebo_Simulation/ur_simulation_gazebo) by extension 'colcon_meta'
[0.797s] Level 1:colcon.colcon_core.package_identification:_identify(src/Universal_Robots_ROS2_Gazebo_Simulation/ur_simulation_gazebo) by extensions ['ros']
[0.797s] Level 1:colcon.colcon_core.package_identification:_identify(src/Universal_Robots_ROS2_Gazebo_Simulation/ur_simulation_gazebo) by extension 'ros'
[0.798s] DEBUG:colcon.colcon_core.package_identification:Package 'src/Universal_Robots_ROS2_Gazebo_Simulation/ur_simulation_gazebo' with type 'ros.ament_cmake' and name 'ur_simulation_gazebo'
[0.798s] Level 1:colcon.colcon_core.package_identification:_identify(src/__pycache__) by extensions ['ignore', 'ignore_ament_install']
[0.798s] Level 1:colcon.colcon_core.package_identification:_identify(src/__pycache__) by extension 'ignore'
[0.798s] Level 1:colcon.colcon_core.package_identification:_identify(src/__pycache__) by extension 'ignore_ament_install'
[0.798s] Level 1:colcon.colcon_core.package_identification:_identify(src/__pycache__) by extensions ['colcon_pkg']
[0.799s] Level 1:colcon.colcon_core.package_identification:_identify(src/__pycache__) by extension 'colcon_pkg'
[0.799s] Level 1:colcon.colcon_core.package_identification:_identify(src/__pycache__) by extensions ['colcon_meta']
[0.799s] Level 1:colcon.colcon_core.package_identification:_identify(src/__pycache__) by extension 'colcon_meta'
[0.799s] Level 1:colcon.colcon_core.package_identification:_identify(src/__pycache__) by extensions ['ros']
[0.799s] Level 1:colcon.colcon_core.package_identification:_identify(src/__pycache__) by extension 'ros'
[0.799s] Level 1:colcon.colcon_core.package_identification:_identify(src/__pycache__) by extensions ['cmake', 'python']
[0.799s] Level 1:colcon.colcon_core.package_identification:_identify(src/__pycache__) by extension 'cmake'
[0.799s] Level 1:colcon.colcon_core.package_identification:_identify(src/__pycache__) by extension 'python'
[0.799s] Level 1:colcon.colcon_core.package_identification:_identify(src/__pycache__) by extensions ['python_setup_py']
[0.799s] Level 1:colcon.colcon_core.package_identification:_identify(src/__pycache__) by extension 'python_setup_py'
[0.799s] Level 1:colcon.colcon_core.package_identification:_identify(src/semantic_scavenger) by extensions ['ignore', 'ignore_ament_install']
[0.799s] Level 1:colcon.colcon_core.package_identification:_identify(src/semantic_scavenger) by extension 'ignore'
[0.799s] Level 1:colcon.colcon_core.package_identification:_identify(src/semantic_scavenger) by extension 'ignore_ament_install'
[0.800s] Level 1:colcon.colcon_core.package_identification:_identify(src/semantic_scavenger) by extensions ['colcon_pkg']
[0.800s] Level 1:colcon.colcon_core.package_identification:_identify(src/semantic_scavenger) by extension 'colcon_pkg'
[0.800s] Level 1:colcon.colcon_core.package_identification:_identify(src/semantic_scavenger) by extensions ['colcon_meta']
[0.800s] Level 1:colcon.colcon_core.package_identification:_identify(src/semantic_scavenger) by extension 'colcon_meta'
[0.800s] Level 1:colcon.colcon_core.package_identification:_identify(src/semantic_scavenger) by extensions ['ros']
[0.800s] Level 1:colcon.colcon_core.package_identification:_identify(src/semantic_scavenger) by extension 'ros'
[0.801s] DEBUG:colcon.colcon_core.package_identification:Package 'src/semantic_scavenger' with type 'ros.ament_python' and name 'semantic_scavenger'
[0.801s] Level 1:colcon.colcon_core.package_discovery:discover_packages(recursive) using defaults
[0.801s] Level 1:colcon.colcon_core.package_discovery:discover_packages(ignore) discover
[0.801s] Level 1:colcon.colcon_core.package_discovery:discover_packages(ignore) using defaults
[0.801s] Level 1:colcon.colcon_core.package_discovery:discover_packages(path) discover
[0.801s] Level 1:colcon.colcon_core.package_discovery:discover_packages(path) using defaults
[0.856s] INFO:colcon.colcon_core.package_selection:Skipping not selected package 'ur_description' in 'src/Universal_Robots_ROS2_Description'
[0.857s] INFO:colcon.colcon_core.package_selection:Skipping not selected package 'ur_simulation_gazebo' in 'src/Universal_Robots_ROS2_Gazebo_Simulation/ur_simulation_gazebo'
[0.857s] INFO:colcon.colcon_core.package_selection:Skipping not selected package 'ur_simulation_gz' in 'src/Universal_Robots_ROS2_GZ_Simulation/ur_simulation_gz'
[0.858s] Level 1:colcon.colcon_core.package_discovery:discover_packages(prefix_path) check parameters
[0.858s] Level 1:colcon.colcon_core.package_discovery:discover_packages(prefix_path) discover
[0.864s] DEBUG:colcon.colcon_installed_package_information.package_discovery:Found 4 installed packages in /home/saia/Semantic_Scavenger_ws/install
[0.865s] DEBUG:colcon.colcon_installed_package_information.package_discovery:Found 5 installed packages in /home/saia/LyAT_ws/install
[0.870s] DEBUG:colcon.colcon_installed_package_information.package_discovery:Found 407 installed packages in /opt/ros/jazzy
[0.873s] Level 1:colcon.colcon_core.package_discovery:discover_packages(prefix_path) using defaults
[1.001s] Level 5:colcon.colcon_core.verb:set package 'semantic_scavenger' build argument 'cmake_args' from command line to 'None'
[1.001s] Level 5:colcon.colcon_core.verb:set package 'semantic_scavenger' build argument 'cmake_target' from command line to 'None'
[1.002s] Level 5:colcon.colcon_core.verb:set package 'semantic_scavenger' build argument 'cmake_target_skip_unavailable' from command line to 'False'
[1.002s] Level 5:colcon.colcon_core.verb:set package 'semantic_scavenger' build argument 'cmake_clean_cache' from command line to 'False'
[1.002s] Level 5:colcon.colcon_core.verb:set package 'semantic_scavenger' build argument 'cmake_clean_first' from command line to 'False'
[1.002s] Level 5:colcon.colcon_core.verb:set package 'semantic_scavenger' build argument 'cmake_force_configure' from command line to 'False'
[1.002s] Level 5:colcon.colcon_core.verb:set package 'semantic_scavenger' build argument 'ament_cmake_args' from command line to 'None'
[1.002s] Level 5:colcon.colcon_core.verb:set package 'semantic_scavenger' build argument 'catkin_cmake_args' from command line to 'None'
[1.002s] Level 5:colcon.colcon_core.verb:set package 'semantic_scavenger' build argument 'catkin_skip_building_tests' from command line to 'False'
[1.002s] DEBUG:colcon.colcon_core.verb:Building package 'semantic_scavenger' with the following arguments: {'ament_cmake_args': None, 'build_base': '/home/saia/Semantic_Scavenger_ws/build/semantic_scavenger', 'catkin_cmake_args': None, 'catkin_skip_building_tests': False, 'cmake_args': None, 'cmake_clean_cache': False, 'cmake_clean_first': False, 'cmake_force_configure': False, 'cmake_target': None, 'cmake_target_skip_unavailable': False, 'install_base': '/home/saia/Semantic_Scavenger_ws/install/semantic_scavenger', 'merge_install': False, 'path': '/home/saia/Semantic_Scavenger_ws/src/semantic_scavenger', 'symlink_install': False, 'test_result_base': None}
[1.002s] INFO:colcon.colcon_core.executor:Executing jobs using 'parallel' executor
[1.004s] DEBUG:colcon.colcon_parallel_executor.executor.parallel:run_until_complete
[1.004s] INFO:colcon.colcon_ros.task.ament_python.build:Building ROS package in '/home/saia/Semantic_Scavenger_ws/src/semantic_scavenger' with build type 'ament_python'
[1.005s] Level 1:colcon.colcon_core.shell:create_environment_hook('semantic_scavenger', 'ament_prefix_path')
[1.010s] INFO:colcon.colcon_core.plugin_system:Skipping extension 'colcon_core.shell.bat': Not used on non-Windows systems
[1.010s] INFO:colcon.colcon_core.shell:Creating environment hook '/home/saia/Semantic_Scavenger_ws/install/semantic_scavenger/share/semantic_scavenger/hook/ament_prefix_path.ps1'
[1.013s] INFO:colcon.colcon_core.shell:Creating environment descriptor '/home/saia/Semantic_Scavenger_ws/install/semantic_scavenger/share/semantic_scavenger/hook/ament_prefix_path.dsv'
[1.015s] INFO:colcon.colcon_core.shell:Creating environment hook '/home/saia/Semantic_Scavenger_ws/install/semantic_scavenger/share/semantic_scavenger/hook/ament_prefix_path.sh'
[1.019s] INFO:colcon.colcon_core.shell:Skip shell extension 'powershell' for command environment: Not usable outside of PowerShell
[1.019s] DEBUG:colcon.colcon_core.shell:Skip shell extension 'dsv' for command environment
[1.736s] INFO:colcon.colcon_core.task.python.build:Building Python package in '/home/saia/Semantic_Scavenger_ws/src/semantic_scavenger'
[1.737s] INFO:colcon.colcon_core.shell:Skip shell extension 'powershell' for command environment: Not usable outside of PowerShell
[1.737s] DEBUG:colcon.colcon_core.shell:Skip shell extension 'dsv' for command environment
[3.640s] DEBUG:colcon.colcon_core.event_handler.log_command:Invoking command in '/home/saia/Semantic_Scavenger_ws/src/semantic_scavenger': DEBUGINFOD_URLS=https://debuginfod.ubuntu.com PYTHONPATH=/home/saia/Semantic_Scavenger_ws/build/semantic_scavenger/prefix_override:/usr/lib/python3/dist-packages/colcon_core/task/python/colcon_distutils_commands:/home/saia/Semantic_Scavenger_ws/install/semantic_scavenger/lib/python3.12/site-packages:${PYTHONPATH} /usr/bin/python3 -W ignore:setup.py install is deprecated -W ignore:easy_install command is deprecated setup.py egg_info --egg-base ../../build/semantic_scavenger build --build-base /home/saia/Semantic_Scavenger_ws/build/semantic_scavenger/build install --record /home/saia/Semantic_Scavenger_ws/build/semantic_scavenger/install.log --single-version-externally-managed install_data
[5.415s] DEBUG:colcon.colcon_core.event_handler.log_command:Invoked command in '/home/saia/Semantic_Scavenger_ws/src/semantic_scavenger' returned '0': DEBUGINFOD_URLS=https://debuginfod.ubuntu.com PYTHONPATH=/home/saia/Semantic_Scavenger_ws/build/semantic_scavenger/prefix_override:/usr/lib/python3/dist-packages/colcon_core/task/python/colcon_distutils_commands:/home/saia/Semantic_Scavenger_ws/install/semantic_scavenger/lib/python3.12/site-packages:${PYTHONPATH} /usr/bin/python3 -W ignore:setup.py install is deprecated -W ignore:easy_install command is deprecated setup.py egg_info --egg-base ../../build/semantic_scavenger build --build-base /home/saia/Semantic_Scavenger_ws/build/semantic_scavenger/build install --record /home/saia/Semantic_Scavenger_ws/build/semantic_scavenger/install.log --single-version-externally-managed install_data
[5.427s] Level 1:colcon.colcon_core.environment:checking '/home/saia/Semantic_Scavenger_ws/install/semantic_scavenger' for CMake module files
[5.429s] Level 1:colcon.colcon_core.environment:checking '/home/saia/Semantic_Scavenger_ws/install/semantic_scavenger' for CMake config files
[5.430s] Level 1:colcon.colcon_core.environment:checking '/home/saia/Semantic_Scavenger_ws/install/semantic_scavenger/lib'
[5.431s] Level 1:colcon.colcon_core.environment:checking '/home/saia/Semantic_Scavenger_ws/install/semantic_scavenger/bin'
[5.431s] Level 1:colcon.colcon_core.shell:create_environment_hook('semantic_scavenger', 'path')
[5.431s] INFO:colcon.colcon_core.shell:Creating environment hook '/home/saia/Semantic_Scavenger_ws/install/semantic_scavenger/share/semantic_scavenger/hook/path.ps1'
[5.433s] INFO:colcon.colcon_core.shell:Creating environment descriptor '/home/saia/Semantic_Scavenger_ws/install/semantic_scavenger/share/semantic_scavenger/hook/path.dsv'
[5.433s] INFO:colcon.colcon_core.shell:Creating environment hook '/home/saia/Semantic_Scavenger_ws/install/semantic_scavenger/share/semantic_scavenger/hook/path.sh'
[5.434s] Level 1:colcon.colcon_core.environment:checking '/home/saia/Semantic_Scavenger_ws/install/semantic_scavenger/lib/pkgconfig/semantic_scavenger.pc'
[5.435s] Level 1:colcon.colcon_core.environment:checking '/home/saia/Semantic_Scavenger_ws/install/semantic_scavenger/lib/python3.12/site-packages'
[5.435s] Level 1:colcon.colcon_core.shell:create_environment_hook('semantic_scavenger', 'pythonpath')
[5.435s] INFO:colcon.colcon_core.shell:Creating environment hook '/home/saia/Semantic_Scavenger_ws/install/semantic_scavenger/share/semantic_scavenger/hook/pythonpath.ps1'
[5.436s] INFO:colcon.colcon_core.shell:Creating environment descriptor '/home/saia/Semantic_Scavenger_ws/install/semantic_scavenger/share/semantic_scavenger/hook/pythonpath.dsv'
[5.437s] INFO:colcon.colcon_core.shell:Creating environment hook '/home/saia/Semantic_Scavenger_ws/install/semantic_scavenger/share/semantic_scavenger/hook/pythonpath.sh'
[5.440s] Level 1:colcon.colcon_core.environment:checking '/home/saia/Semantic_Scavenger_ws/install/semantic_scavenger/bin'
[5.443s] Level 1:colcon.colcon_core.shell:create_environment_hook('semantic_scavenger', 'pythonscriptspath')
[5.444s] INFO:colcon.colcon_core.shell:Creating environment hook '/home/saia/Semantic_Scavenger_ws/install/semantic_scavenger/share/semantic_scavenger/hook/pythonscriptspath.ps1'
[5.445s] INFO:colcon.colcon_core.shell:Creating environment descriptor '/home/saia/Semantic_Scavenger_ws/install/semantic_scavenger/share/semantic_scavenger/hook/pythonscriptspath.dsv'
[5.447s] INFO:colcon.colcon_core.shell:Creating environment hook '/home/saia/Semantic_Scavenger_ws/install/semantic_scavenger/share/semantic_scavenger/hook/pythonscriptspath.sh'
[5.448s] Level 1:colcon.colcon_core.environment:create_environment_scripts_only(semantic_scavenger)
[5.448s] INFO:colcon.colcon_core.shell:Creating package script '/home/saia/Semantic_Scavenger_ws/install/semantic_scavenger/share/semantic_scavenger/package.ps1'
[5.450s] INFO:colcon.colcon_core.shell:Creating package descriptor '/home/saia/Semantic_Scavenger_ws/install/semantic_scavenger/share/semantic_scavenger/package.dsv'
[5.452s] INFO:colcon.colcon_core.shell:Creating package script '/home/saia/Semantic_Scavenger_ws/install/semantic_scavenger/share/semantic_scavenger/package.sh'
[5.454s] INFO:colcon.colcon_core.shell:Creating package script '/home/saia/Semantic_Scavenger_ws/install/semantic_scavenger/share/semantic_scavenger/package.bash'
[5.456s] INFO:colcon.colcon_core.shell:Creating package script '/home/saia/Semantic_Scavenger_ws/install/semantic_scavenger/share/semantic_scavenger/package.zsh'
[5.457s] Level 1:colcon.colcon_core.environment:create_file_with_runtime_dependencies(/home/saia/Semantic_Scavenger_ws/install/semantic_scavenger/share/colcon-core/packages/semantic_scavenger)
[5.458s] DEBUG:colcon.colcon_parallel_executor.executor.parallel:closing loop
[5.459s] DEBUG:colcon.colcon_parallel_executor.executor.parallel:loop closed
[5.459s] DEBUG:colcon.colcon_parallel_executor.executor.parallel:run_until_complete finished with '0'
[5.459s] DEBUG:colcon.colcon_core.event_reactor:joining thread
[5.608s] INFO:colcon.colcon_core.plugin_system:Skipping extension 'colcon_notification.desktop_notification.notify_send': Could not find 'notify-send'
[5.608s] INFO:colcon.colcon_core.plugin_system:Skipping extension 'colcon_notification.desktop_notification.terminal_notifier': Not used on non-Darwin systems
[5.608s] INFO:colcon.colcon_core.plugin_system:Skipping extension 'colcon_notification.desktop_notification.win32': Not used on non-Windows systems
[5.608s] INFO:colcon.colcon_notification.desktop_notification:Sending desktop notification using 'notify2'
[5.610s] DEBUG:colcon.colcon_notification.desktop_notification.notify2:Failed to initialize notify2: org.freedesktop.DBus.Error.ServiceUnknown: The name org.freedesktop.Notifications was not provided by any .service files
[5.611s] DEBUG:colcon.colcon_core.event_reactor:joined thread
[5.611s] INFO:colcon.colcon_core.shell:Creating prefix script '/home/saia/Semantic_Scavenger_ws/install/local_setup.ps1'
[5.613s] INFO:colcon.colcon_core.shell:Creating prefix util module '/home/saia/Semantic_Scavenger_ws/install/_local_setup_util_ps1.py'
[5.615s] INFO:colcon.colcon_core.shell:Creating prefix chain script '/home/saia/Semantic_Scavenger_ws/install/setup.ps1'
[5.618s] INFO:colcon.colcon_core.shell:Creating prefix script '/home/saia/Semantic_Scavenger_ws/install/local_setup.sh'
[5.620s] INFO:colcon.colcon_core.shell:Creating prefix util module '/home/saia/Semantic_Scavenger_ws/install/_local_setup_util_sh.py'
[5.623s] INFO:colcon.colcon_core.shell:Creating prefix chain script '/home/saia/Semantic_Scavenger_ws/install/setup.sh'
[5.625s] INFO:colcon.colcon_core.shell:Creating prefix script '/home/saia/Semantic_Scavenger_ws/install/local_setup.bash'
[5.626s] INFO:colcon.colcon_core.shell:Creating prefix chain script '/home/saia/Semantic_Scavenger_ws/install/setup.bash'
[5.631s] INFO:colcon.colcon_core.shell:Creating prefix script '/home/saia/Semantic_Scavenger_ws/install/local_setup.zsh'
[5.632s] INFO:colcon.colcon_core.shell:Creating prefix chain script '/home/saia/Semantic_Scavenger_ws/install/setup.zsh'
